::1 - - [27/Sep/2022:22:11:56 -0300] "GET / HTTP/1.1" 200 4495
::1 - - [27/Sep/2022:22:11:56 -0300] "GET /css/estilo.css HTTP/1.1" 200 1210
::1 - - [27/Sep/2022:22:11:56 -0300] "GET /js/jquery.min.js HTTP/1.1" 404 196
::1 - - [27/Sep/2022:22:11:57 -0300] "GET /images/ghibli2.gif HTTP/1.1" 200 2056915
::1 - - [27/Sep/2022:22:11:57 -0300] "GET /favicon.ico HTTP/1.1" 404 196
::1 - - [27/Sep/2022:22:27:09 -0300] "GET / HTTP/1.1" 200 4678
::1 - - [27/Sep/2022:22:27:10 -0300] "GET /favicon.ico HTTP/1.1" 404 196
::1 - - [27/Sep/2022:22:27:17 -0300] "GET /cliente/cadastroCliente.php HTTP/1.1" 200 5855
::1 - - [27/Sep/2022:22:27:17 -0300] "GET /js/validaCPF.js HTTP/1.1" 200 773
::1 - - [27/Sep/2022:22:27:17 -0300] "GET /js/buscaCep.js HTTP/1.1" 200 1976
::1 - - [27/Sep/2022:22:31:36 -0300] "GET /funcionario/cadastroFuncionario.php HTTP/1.1" 200 5984
::1 - - [27/Sep/2022:22:31:39 -0300] "GET /menu.php HTTP/1.1" 404 196
::1 - - [27/Sep/2022:22:31:43 -0300] "GET /menu.php HTTP/1.1" 404 196
::1 - - [27/Sep/2022:22:32:17 -0300] "GET /menu.php HTTP/1.1" 404 196
::1 - - [27/Sep/2022:22:32:22 -0300] "GET /menu.php HTTP/1.1" 404 196
::1 - - [27/Sep/2022:22:32:22 -0300] "GET /favicon.ico HTTP/1.1" 404 196
::1 - - [27/Sep/2022:22:32:24 -0300] "GET /funcionario/cadastroFuncionario.php HTTP/1.1" 200 5985
::1 - - [27/Sep/2022:22:32:24 -0300] "GET /js/buscaCep.js HTTP/1.1" 200 1976
::1 - - [27/Sep/2022:22:32:24 -0300] "GET /js/validaCPF.js HTTP/1.1" 200 773
::1 - - [27/Sep/2022:22:32:24 -0300] "GET /css/estilo.css HTTP/1.1" 200 1260
::1 - - [27/Sep/2022:22:32:24 -0300] "GET /favicon.ico HTTP/1.1" 404 196
::1 - - [27/Sep/2022:22:32:26 -0300] "GET /funcionario/cadastroFuncionario.php HTTP/1.1" 200 5985
::1 - - [27/Sep/2022:22:32:26 -0300] "GET /css/estilo.css HTTP/1.1" 200 1260
::1 - - [27/Sep/2022:22:32:26 -0300] "GET /js/buscaCep.js HTTP/1.1" 200 1976
::1 - - [27/Sep/2022:22:32:26 -0300] "GET /js/validaCPF.js HTTP/1.1" 200 773
::1 - - [27/Sep/2022:22:32:26 -0300] "GET /favicon.ico HTTP/1.1" 404 196
::1 - - [27/Sep/2022:22:32:27 -0300] "GET /funcionario/cadastroFuncionario.php HTTP/1.1" 200 5985
::1 - - [27/Sep/2022:22:32:27 -0300] "GET /css/estilo.css HTTP/1.1" 200 1260
::1 - - [27/Sep/2022:22:32:27 -0300] "GET /js/buscaCep.js HTTP/1.1" 200 1976
::1 - - [27/Sep/2022:22:32:27 -0300] "GET /js/validaCPF.js HTTP/1.1" 200 773
::1 - - [27/Sep/2022:22:32:27 -0300] "GET /favicon.ico HTTP/1.1" 404 196
::1 - - [27/Sep/2022:22:32:29 -0300] "GET /index.php HTTP/1.1" 200 4678
::1 - - [27/Sep/2022:22:32:43 -0300] "GET /funcionario/cadastroFuncionario.php HTTP/1.1" 200 5985
::1 - - [27/Sep/2022:22:32:44 -0300] "GET /index.php HTTP/1.1" 200 4678
::1 - - [27/Sep/2022:22:32:45 -0300] "GET /funcionario/consultaFuncionario.php HTTP/1.1" 200 4970
::1 - - [27/Sep/2022:22:33:43 -0300] "-" 408 -
::1 - - [27/Sep/2022:22:33:44 -0300] "GET /menu.php HTTP/1.1" 404 196
::1 - - [27/Sep/2022:22:34:11 -0300] "GET /funcionario/consultaFuncionario.php HTTP/1.1" 200 4971
::1 - - [27/Sep/2022:22:34:11 -0300] "GET /css/estilo.css HTTP/1.1" 200 1260
::1 - - [27/Sep/2022:22:34:11 -0300] "GET /favicon.ico HTTP/1.1" 404 196
::1 - - [27/Sep/2022:22:34:13 -0300] "GET /index.php HTTP/1.1" 200 4678
::1 - - [27/Sep/2022:22:34:17 -0300] "GET /cliente/cadastroCliente.php HTTP/1.1" 200 5855
::1 - - [27/Sep/2022:22:34:18 -0300] "GET /menu.php HTTP/1.1" 404 196
::1 - - [27/Sep/2022:22:35:03 -0300] "-" 408 -
::1 - - [27/Sep/2022:22:35:18 -0300] "GET /menu.php HTTP/1.1" 404 196
::1 - - [27/Sep/2022:22:36:17 -0300] "-" 408 -
::1 - - [27/Sep/2022:22:39:40 -0300] "GET /cliente/consultaCliente.php HTTP/1.1" 500 3155
::1 - - [27/Sep/2022:22:39:47 -0300] "GET /cliente/consultaCliente.php HTTP/1.1" 200 4930
::1 - - [27/Sep/2022:22:40:42 -0300] "-" 408 -
::1 - - [27/Sep/2022:22:42:47 -0300] "GET /cliente/consultaCliente.php HTTP/1.1" 500 3155
::1 - - [27/Sep/2022:22:42:53 -0300] "GET /cliente/cadastroCliente.php HTTP/1.1" 200 5856
::1 - - [27/Sep/2022:22:42:55 -0300] "GET /cliente/consultaCliente.php HTTP/1.1" 500 3155
::1 - - [27/Sep/2022:22:43:52 -0300] "-" 408 -
::1 - - [27/Sep/2022:22:45:43 -0300] "GET /cliente/consultaCliente.php HTTP/1.1" 200 4930
::1 - - [27/Sep/2022:22:45:46 -0300] "GET /index.php HTTP/1.1" 200 4678
::1 - - [27/Sep/2022:22:45:47 -0300] "GET /cliente/consultaCliente.php HTTP/1.1" 200 4930
::1 - - [27/Sep/2022:22:46:43 -0300] "-" 408 -
::1 - - [27/Sep/2022:22:50:42 -0300] "GET /index.php HTTP/1.1" 200 4678
::1 - - [27/Sep/2022:22:50:43 -0300] "GET /index.php HTTP/1.1" 200 4678
::1 - - [27/Sep/2022:22:50:44 -0300] "GET /index.php HTTP/1.1" 200 4678
::1 - - [27/Sep/2022:22:51:42 -0300] "-" 408 -
::1 - - [27/Sep/2022:22:51:49 -0300] "GET /index.php HTTP/1.1" 200 4678
::1 - - [27/Sep/2022:22:51:49 -0300] "GET /css/estilo.css HTTP/1.1" 200 1289
::1 - - [27/Sep/2022:22:51:49 -0300] "GET /favicon.ico HTTP/1.1" 404 196
::1 - - [27/Sep/2022:22:51:52 -0300] "GET /index.php HTTP/1.1" 200 4678
::1 - - [27/Sep/2022:22:51:52 -0300] "GET /css/estilo.css HTTP/1.1" 200 1292
::1 - - [27/Sep/2022:22:51:52 -0300] "GET /favicon.ico HTTP/1.1" 404 196
::1 - - [27/Sep/2022:22:52:27 -0300] "GET /index.php HTTP/1.1" 200 4678
::1 - - [27/Sep/2022:22:52:28 -0300] "GET /css/estilo.css HTTP/1.1" 200 1292
::1 - - [27/Sep/2022:22:53:20 -0300] "GET /index.php HTTP/1.1" 200 4678
::1 - - [27/Sep/2022:22:53:20 -0300] "GET /css/estilo.css HTTP/1.1" 200 1292
::1 - - [27/Sep/2022:22:53:20 -0300] "GET /favicon.ico HTTP/1.1" 404 196
::1 - - [27/Sep/2022:22:53:38 -0300] "GET /index.php HTTP/1.1" 200 4678
::1 - - [27/Sep/2022:22:53:38 -0300] "GET /css/estilo.css HTTP/1.1" 200 1292
::1 - - [27/Sep/2022:22:53:38 -0300] "GET /favicon.ico HTTP/1.1" 404 196
::1 - - [27/Sep/2022:22:53:41 -0300] "GET /index.php HTTP/1.1" 200 4678
::1 - - [27/Sep/2022:22:53:41 -0300] "GET /css/estilo.css HTTP/1.1" 200 1292
::1 - - [27/Sep/2022:22:53:41 -0300] "GET /favicon.ico HTTP/1.1" 404 196
::1 - - [27/Sep/2022:22:54:10 -0300] "GET /index.php HTTP/1.1" 200 4678
::1 - - [27/Sep/2022:22:54:10 -0300] "GET /css/estilo.css HTTP/1.1" 200 1292
::1 - - [27/Sep/2022:22:54:10 -0300] "GET /favicon.ico HTTP/1.1" 404 196
::1 - - [27/Sep/2022:22:54:25 -0300] "GET /index.php HTTP/1.1" 200 4678
::1 - - [27/Sep/2022:22:54:25 -0300] "GET /css/estilo.css HTTP/1.1" 200 1289
::1 - - [27/Sep/2022:22:54:25 -0300] "GET /favicon.ico HTTP/1.1" 404 196
::1 - - [27/Sep/2022:22:54:36 -0300] "GET /index.php HTTP/1.1" 200 4678
::1 - - [27/Sep/2022:22:54:36 -0300] "GET /css/estilo.css HTTP/1.1" 200 1289
::1 - - [27/Sep/2022:22:54:36 -0300] "GET /favicon.ico HTTP/1.1" 404 196
::1 - - [27/Sep/2022:22:54:57 -0300] "GET /index.php HTTP/1.1" 200 4678
::1 - - [27/Sep/2022:22:54:57 -0300] "GET /css/estilo.css HTTP/1.1" 200 1289
::1 - - [27/Sep/2022:22:54:57 -0300] "GET /favicon.ico HTTP/1.1" 404 196
::1 - - [27/Sep/2022:22:55:01 -0300] "GET /index.php HTTP/1.1" 200 4678
::1 - - [27/Sep/2022:22:55:01 -0300] "GET /css/estilo.css HTTP/1.1" 200 1292
::1 - - [27/Sep/2022:22:55:01 -0300] "GET /favicon.ico HTTP/1.1" 404 196
::1 - - [27/Sep/2022:22:55:57 -0300] "GET /index.php HTTP/1.1" 200 4678
::1 - - [27/Sep/2022:22:55:57 -0300] "GET /css/estilo.css HTTP/1.1" 200 1292
::1 - - [27/Sep/2022:22:55:57 -0300] "GET /favicon.ico HTTP/1.1" 404 196
::1 - - [27/Sep/2022:22:56:13 -0300] "GET /index.php HTTP/1.1" 200 4678
::1 - - [27/Sep/2022:22:56:13 -0300] "GET /css/estilo.css HTTP/1.1" 200 1292
::1 - - [27/Sep/2022:22:56:13 -0300] "GET /favicon.ico HTTP/1.1" 404 196
::1 - - [27/Sep/2022:22:56:52 -0300] "GET /index.php HTTP/1.1" 200 4678
::1 - - [27/Sep/2022:22:56:52 -0300] "GET /css/estilo.css HTTP/1.1" 200 1292
::1 - - [27/Sep/2022:22:56:52 -0300] "GET /favicon.ico HTTP/1.1" 404 196
::1 - - [27/Sep/2022:22:57:44 -0300] "GET /index.php HTTP/1.1" 200 4678
::1 - - [27/Sep/2022:22:57:44 -0300] "GET /css/estilo.css HTTP/1.1" 200 1292
::1 - - [27/Sep/2022:22:57:44 -0300] "GET /favicon.ico HTTP/1.1" 404 196
::1 - - [27/Sep/2022:22:58:24 -0300] "GET /index.php HTTP/1.1" 200 4678
::1 - - [27/Sep/2022:22:58:24 -0300] "GET /css/estilo.css HTTP/1.1" 200 1289
::1 - - [27/Sep/2022:22:58:24 -0300] "GET /favicon.ico HTTP/1.1" 404 196
::1 - - [27/Sep/2022:22:58:49 -0300] "GET /index.php HTTP/1.1" 200 4678
::1 - - [27/Sep/2022:22:58:49 -0300] "GET /css/estilo.css HTTP/1.1" 200 1289
::1 - - [27/Sep/2022:22:58:49 -0300] "GET /favicon.ico HTTP/1.1" 404 196
::1 - - [27/Sep/2022:22:59:49 -0300] "-" 408 -
::1 - - [27/Sep/2022:23:00:55 -0300] "GET /index.php HTTP/1.1" 200 4678
::1 - - [27/Sep/2022:23:00:55 -0300] "GET /css/estilo.css HTTP/1.1" 200 1323
::1 - - [27/Sep/2022:23:00:55 -0300] "GET /favicon.ico HTTP/1.1" 404 196
::1 - - [27/Sep/2022:23:00:55 -0300] "GET /index.php HTTP/1.1" 200 4678
::1 - - [27/Sep/2022:23:00:55 -0300] "GET /css/estilo.css HTTP/1.1" 200 1323
::1 - - [27/Sep/2022:23:00:55 -0300] "GET /favicon.ico HTTP/1.1" 404 196
::1 - - [27/Sep/2022:23:00:56 -0300] "GET /index.php HTTP/1.1" 200 4678
::1 - - [27/Sep/2022:23:00:56 -0300] "GET /css/estilo.css HTTP/1.1" 200 1323
::1 - - [27/Sep/2022:23:00:56 -0300] "GET /favicon.ico HTTP/1.1" 404 196
::1 - - [27/Sep/2022:23:01:55 -0300] "-" 408 -
::1 - - [27/Sep/2022:23:01:55 -0300] "GET /index.php HTTP/1.1" 200 4678
::1 - - [27/Sep/2022:23:01:55 -0300] "GET /css/estilo.css HTTP/1.1" 200 1339
::1 - - [27/Sep/2022:23:01:56 -0300] "GET /favicon.ico HTTP/1.1" 404 196
::1 - - [27/Sep/2022:23:01:56 -0300] "GET /index.php HTTP/1.1" 200 4678
::1 - - [27/Sep/2022:23:01:56 -0300] "GET /css/estilo.css HTTP/1.1" 200 1339
::1 - - [27/Sep/2022:23:01:56 -0300] "GET /index.php HTTP/1.1" 200 4678
::1 - - [27/Sep/2022:23:01:56 -0300] "GET /css/estilo.css HTTP/1.1" 200 1339
::1 - - [27/Sep/2022:23:01:56 -0300] "GET /favicon.ico HTTP/1.1" 404 196
::1 - - [27/Sep/2022:23:01:57 -0300] "GET /index.php HTTP/1.1" 200 4678
::1 - - [27/Sep/2022:23:01:57 -0300] "GET /css/estilo.css HTTP/1.1" 200 1339
::1 - - [27/Sep/2022:23:01:57 -0300] "GET /favicon.ico HTTP/1.1" 404 196
::1 - - [27/Sep/2022:23:01:57 -0300] "GET /index.php HTTP/1.1" 200 4678
::1 - - [27/Sep/2022:23:01:57 -0300] "GET /css/estilo.css HTTP/1.1" 200 1339
::1 - - [27/Sep/2022:23:01:57 -0300] "GET /favicon.ico HTTP/1.1" 404 196
::1 - - [27/Sep/2022:23:02:13 -0300] "GET /index.php HTTP/1.1" 200 4678
::1 - - [27/Sep/2022:23:02:13 -0300] "GET /css/estilo.css HTTP/1.1" 200 1334
::1 - - [27/Sep/2022:23:02:13 -0300] "GET /favicon.ico HTTP/1.1" 404 196
::1 - - [27/Sep/2022:23:02:14 -0300] "GET /index.php HTTP/1.1" 200 4678
::1 - - [27/Sep/2022:23:02:14 -0300] "GET /css/estilo.css HTTP/1.1" 200 1334
::1 - - [27/Sep/2022:23:02:14 -0300] "GET /favicon.ico HTTP/1.1" 404 196
::1 - - [27/Sep/2022:23:02:14 -0300] "GET /index.php HTTP/1.1" 200 4678
::1 - - [27/Sep/2022:23:02:14 -0300] "GET /css/estilo.css HTTP/1.1" 200 1334
::1 - - [27/Sep/2022:23:02:14 -0300] "GET /favicon.ico HTTP/1.1" 404 196
::1 - - [27/Sep/2022:23:03:13 -0300] "-" 408 -
::1 - - [27/Sep/2022:23:03:34 -0300] "GET /index.php HTTP/1.1" 200 4699
::1 - - [27/Sep/2022:23:03:34 -0300] "GET /css/estilo.css HTTP/1.1" 200 1323
::1 - - [27/Sep/2022:23:03:34 -0300] "GET /favicon.ico HTTP/1.1" 404 196
::1 - - [27/Sep/2022:23:03:35 -0300] "GET /index.php HTTP/1.1" 200 4699
::1 - - [27/Sep/2022:23:03:35 -0300] "GET /css/estilo.css HTTP/1.1" 200 1323
::1 - - [27/Sep/2022:23:03:35 -0300] "GET /favicon.ico HTTP/1.1" 404 196
::1 - - [27/Sep/2022:23:03:43 -0300] "GET /index.php HTTP/1.1" 200 4688
::1 - - [27/Sep/2022:23:03:43 -0300] "GET /css/estilo.css HTTP/1.1" 200 1323
::1 - - [27/Sep/2022:23:03:43 -0300] "GET /favicon.ico HTTP/1.1" 404 196
::1 - - [27/Sep/2022:23:04:43 -0300] "-" 408 -
::1 - - [27/Sep/2022:23:05:05 -0300] "GET /index.php HTTP/1.1" 200 4687
::1 - - [27/Sep/2022:23:05:05 -0300] "GET /css/estilo.css HTTP/1.1" 200 1323
::1 - - [27/Sep/2022:23:05:05 -0300] "GET /favicon.ico HTTP/1.1" 404 196
::1 - - [27/Sep/2022:23:05:15 -0300] "GET /index.php HTTP/1.1" 200 4681
::1 - - [27/Sep/2022:23:05:15 -0300] "GET /css/estilo.css HTTP/1.1" 200 1323
::1 - - [27/Sep/2022:23:05:15 -0300] "GET /favicon.ico HTTP/1.1" 404 196
::1 - - [27/Sep/2022:23:05:19 -0300] "GET /index.php HTTP/1.1" 200 4687
::1 - - [27/Sep/2022:23:05:19 -0300] "GET /css/estilo.css HTTP/1.1" 200 1323
::1 - - [27/Sep/2022:23:05:19 -0300] "GET /favicon.ico HTTP/1.1" 404 196
::1 - - [27/Sep/2022:23:05:41 -0300] "GET /index.php HTTP/1.1" 200 4688
::1 - - [27/Sep/2022:23:05:41 -0300] "GET /css/estilo.css HTTP/1.1" 200 1323
::1 - - [27/Sep/2022:23:05:41 -0300] "GET /favicon.ico HTTP/1.1" 404 196
::1 - - [27/Sep/2022:23:05:52 -0300] "GET /index.php HTTP/1.1" 200 4685
::1 - - [27/Sep/2022:23:05:52 -0300] "GET /css/estilo.css HTTP/1.1" 200 1323
::1 - - [27/Sep/2022:23:05:52 -0300] "GET /favicon.ico HTTP/1.1" 404 196
::1 - - [27/Sep/2022:23:06:27 -0300] "GET /index.php HTTP/1.1" 200 4685
::1 - - [27/Sep/2022:23:06:27 -0300] "GET /css/estilo.css HTTP/1.1" 200 1323
::1 - - [27/Sep/2022:23:06:27 -0300] "GET /favicon.ico HTTP/1.1" 404 196
::1 - - [27/Sep/2022:23:07:21 -0300] "GET /index.php HTTP/1.1" 200 4687
::1 - - [27/Sep/2022:23:07:21 -0300] "GET /css/estilo.css HTTP/1.1" 200 1323
::1 - - [27/Sep/2022:23:07:21 -0300] "GET /favicon.ico HTTP/1.1" 404 196
::1 - - [27/Sep/2022:23:08:07 -0300] "GET /index.php HTTP/1.1" 200 4687
::1 - - [27/Sep/2022:23:08:07 -0300] "GET /css/estilo.css HTTP/1.1" 200 1342
::1 - - [27/Sep/2022:23:08:07 -0300] "GET /favicon.ico HTTP/1.1" 404 196
::1 - - [27/Sep/2022:23:08:09 -0300] "GET /index.php HTTP/1.1" 200 4687
::1 - - [27/Sep/2022:23:08:09 -0300] "GET /css/estilo.css HTTP/1.1" 200 1342
::1 - - [27/Sep/2022:23:08:09 -0300] "GET /favicon.ico HTTP/1.1" 404 196
::1 - - [27/Sep/2022:23:08:09 -0300] "GET /index.php HTTP/1.1" 200 4687
::1 - - [27/Sep/2022:23:08:09 -0300] "GET /css/estilo.css HTTP/1.1" 200 1342
::1 - - [27/Sep/2022:23:08:09 -0300] "GET /favicon.ico HTTP/1.1" 404 196
::1 - - [27/Sep/2022:23:08:49 -0300] "GET /index.php HTTP/1.1" 200 4680
::1 - - [27/Sep/2022:23:08:49 -0300] "GET /css/estilo.css HTTP/1.1" 200 1342
::1 - - [27/Sep/2022:23:08:49 -0300] "GET /favicon.ico HTTP/1.1" 404 196
::1 - - [27/Sep/2022:23:09:17 -0300] "GET /index.php HTTP/1.1" 200 4680
::1 - - [27/Sep/2022:23:09:17 -0300] "GET /css/estilo.css HTTP/1.1" 200 1308
::1 - - [27/Sep/2022:23:09:17 -0300] "GET /favicon.ico HTTP/1.1" 404 196
::1 - - [27/Sep/2022:23:09:20 -0300] "GET /index.php HTTP/1.1" 200 4680
::1 - - [27/Sep/2022:23:09:20 -0300] "GET /css/estilo.css HTTP/1.1" 200 1308
::1 - - [27/Sep/2022:23:09:20 -0300] "GET /favicon.ico HTTP/1.1" 404 196
::1 - - [27/Sep/2022:23:09:31 -0300] "GET /index.php HTTP/1.1" 200 4680
::1 - - [27/Sep/2022:23:09:31 -0300] "GET /css/estilo.css HTTP/1.1" 200 1308
::1 - - [27/Sep/2022:23:09:31 -0300] "GET /favicon.ico HTTP/1.1" 404 196
::1 - - [27/Sep/2022:23:09:47 -0300] "GET /index.php HTTP/1.1" 200 4680
::1 - - [27/Sep/2022:23:09:47 -0300] "GET /css/estilo.css HTTP/1.1" 200 1327
::1 - - [27/Sep/2022:23:09:47 -0300] "GET /favicon.ico HTTP/1.1" 404 196
::1 - - [27/Sep/2022:23:09:52 -0300] "GET /index.php HTTP/1.1" 200 4680
::1 - - [27/Sep/2022:23:09:52 -0300] "GET /css/estilo.css HTTP/1.1" 200 1328
::1 - - [27/Sep/2022:23:09:52 -0300] "GET /favicon.ico HTTP/1.1" 404 196
::1 - - [27/Sep/2022:23:09:57 -0300] "GET /index.php HTTP/1.1" 200 4680
::1 - - [27/Sep/2022:23:09:57 -0300] "GET /css/estilo.css HTTP/1.1" 200 1327
::1 - - [27/Sep/2022:23:09:57 -0300] "GET /favicon.ico HTTP/1.1" 404 196
::1 - - [27/Sep/2022:23:10:00 -0300] "GET /index.php HTTP/1.1" 200 4680
::1 - - [27/Sep/2022:23:10:00 -0300] "GET /css/estilo.css HTTP/1.1" 200 1327
::1 - - [27/Sep/2022:23:10:00 -0300] "GET /favicon.ico HTTP/1.1" 404 196
::1 - - [27/Sep/2022:23:10:20 -0300] "GET /index.php HTTP/1.1" 200 4680
::1 - - [27/Sep/2022:23:10:20 -0300] "GET /css/estilo.css HTTP/1.1" 200 1349
::1 - - [27/Sep/2022:23:10:20 -0300] "GET /favicon.ico HTTP/1.1" 404 196
::1 - - [27/Sep/2022:23:11:20 -0300] "-" 408 -
::1 - - [27/Sep/2022:23:12:36 -0300] "GET /index.php HTTP/1.1" 200 4669
::1 - - [27/Sep/2022:23:12:36 -0300] "GET /css/estilo.css HTTP/1.1" 200 1349
::1 - - [27/Sep/2022:23:12:36 -0300] "GET /favicon.ico HTTP/1.1" 404 196
::1 - - [27/Sep/2022:23:13:23 -0300] "GET /cliente/cadastroCliente.php HTTP/1.1" 200 5856
::1 - - [27/Sep/2022:23:13:23 -0300] "GET /css/estilo.css HTTP/1.1" 304 -
::1 - - [27/Sep/2022:23:13:26 -0300] "GET /cliente/consultaCliente.php HTTP/1.1" 200 4930
::1 - - [27/Sep/2022:23:14:23 -0300] "-" 408 -
::1 - - [27/Sep/2022:23:15:23 -0300] "GET /index.php HTTP/1.1" 200 4674
::1 - - [27/Sep/2022:23:15:24 -0300] "GET /css/estilo.css HTTP/1.1" 200 1349
::1 - - [27/Sep/2022:23:15:24 -0300] "GET /favicon.ico HTTP/1.1" 404 196
::1 - - [27/Sep/2022:23:15:26 -0300] "GET /cliente/cadastroCliente.php HTTP/1.1" 200 5856
::1 - - [27/Sep/2022:23:15:32 -0300] "GET /cliente/cadastroCliente.php HTTP/1.1" 200 5856
::1 - - [27/Sep/2022:23:16:32 -0300] "-" 408 -
::1 - - [27/Sep/2022:23:16:57 -0300] "GET /cliente/cadastroCliente.php HTTP/1.1" 200 5856
::1 - - [27/Sep/2022:23:16:57 -0300] "GET /css/estilo.css HTTP/1.1" 200 1377
::1 - - [27/Sep/2022:23:16:57 -0300] "GET /js/validaCPF.js HTTP/1.1" 200 773
::1 - - [27/Sep/2022:23:16:57 -0300] "GET /js/buscaCep.js HTTP/1.1" 200 1976
::1 - - [27/Sep/2022:23:16:58 -0300] "GET /favicon.ico HTTP/1.1" 404 196
::1 - - [27/Sep/2022:23:16:58 -0300] "GET /cliente/cadastroCliente.php HTTP/1.1" 200 5856
::1 - - [27/Sep/2022:23:16:58 -0300] "GET /css/estilo.css HTTP/1.1" 200 1377
::1 - - [27/Sep/2022:23:16:58 -0300] "GET /js/buscaCep.js HTTP/1.1" 200 1976
::1 - - [27/Sep/2022:23:16:58 -0300] "GET /js/validaCPF.js HTTP/1.1" 200 773
::1 - - [27/Sep/2022:23:16:58 -0300] "GET /favicon.ico HTTP/1.1" 404 196
::1 - - [27/Sep/2022:23:17:53 -0300] "GET /cliente/cadastroCliente.php HTTP/1.1" 200 5845
::1 - - [27/Sep/2022:23:17:53 -0300] "GET /css/estilo.css HTTP/1.1" 200 1377
::1 - - [27/Sep/2022:23:17:53 -0300] "GET /js/buscaCep.js HTTP/1.1" 200 1976
::1 - - [27/Sep/2022:23:17:53 -0300] "GET /js/validaCPF.js HTTP/1.1" 200 773
::1 - - [27/Sep/2022:23:17:54 -0300] "GET /favicon.ico HTTP/1.1" 404 196
::1 - - [27/Sep/2022:23:17:56 -0300] "GET /cliente/cadastroCliente.php HTTP/1.1" 200 5856
::1 - - [27/Sep/2022:23:17:56 -0300] "GET /css/estilo.css HTTP/1.1" 200 1377
::1 - - [27/Sep/2022:23:17:56 -0300] "GET /js/validaCPF.js HTTP/1.1" 200 773
::1 - - [27/Sep/2022:23:17:56 -0300] "GET /js/buscaCep.js HTTP/1.1" 200 1976
::1 - - [27/Sep/2022:23:17:56 -0300] "GET /favicon.ico HTTP/1.1" 404 196
::1 - - [27/Sep/2022:23:18:04 -0300] "GET /cliente/cadastroCliente.php HTTP/1.1" 200 5844
::1 - - [27/Sep/2022:23:18:04 -0300] "GET /css/estilo.css HTTP/1.1" 200 1377
::1 - - [27/Sep/2022:23:18:04 -0300] "GET /js/buscaCep.js HTTP/1.1" 200 1976
::1 - - [27/Sep/2022:23:18:04 -0300] "GET /js/validaCPF.js HTTP/1.1" 200 773
::1 - - [27/Sep/2022:23:18:04 -0300] "GET /favicon.ico HTTP/1.1" 404 196
::1 - - [27/Sep/2022:23:18:07 -0300] "GET /cliente/cadastroCliente.php HTTP/1.1" 200 5856
::1 - - [27/Sep/2022:23:18:07 -0300] "GET /js/buscaCep.js HTTP/1.1" 200 1976
::1 - - [27/Sep/2022:23:18:07 -0300] "GET /css/estilo.css HTTP/1.1" 200 1377
::1 - - [27/Sep/2022:23:18:07 -0300] "GET /js/validaCPF.js HTTP/1.1" 200 773
::1 - - [27/Sep/2022:23:18:07 -0300] "GET /favicon.ico HTTP/1.1" 404 196
::1 - - [27/Sep/2022:23:19:31 -0300] "GET /cliente/cadastroCliente.php HTTP/1.1" 200 5878
::1 - - [27/Sep/2022:23:19:31 -0300] "GET /css/estilo.css HTTP/1.1" 200 1377
::1 - - [27/Sep/2022:23:19:31 -0300] "GET /js/validaCPF.js HTTP/1.1" 200 773
::1 - - [27/Sep/2022:23:19:31 -0300] "GET /js/buscaCep.js HTTP/1.1" 200 1976
::1 - - [27/Sep/2022:23:19:31 -0300] "GET /favicon.ico HTTP/1.1" 404 196
::1 - - [27/Sep/2022:23:21:51 -0300] "GET /cliente/cadastroCliente.php HTTP/1.1" 200 5792
::1 - - [27/Sep/2022:23:21:51 -0300] "GET /css/estilo.css HTTP/1.1" 200 1377
::1 - - [27/Sep/2022:23:21:51 -0300] "GET /js/buscaCep.js HTTP/1.1" 200 1976
::1 - - [27/Sep/2022:23:21:51 -0300] "GET /js/validaCPF.js HTTP/1.1" 200 773
::1 - - [27/Sep/2022:23:21:52 -0300] "GET /favicon.ico HTTP/1.1" 404 196
::1 - - [27/Sep/2022:23:24:26 -0300] "GET /cliente/cadastroCliente.php HTTP/1.1" 200 5792
::1 - - [27/Sep/2022:23:24:26 -0300] "GET /css/estilo.css HTTP/1.1" 200 1395
::1 - - [27/Sep/2022:23:24:26 -0300] "GET /js/buscaCep.js HTTP/1.1" 200 1976
::1 - - [27/Sep/2022:23:24:26 -0300] "GET /js/validaCPF.js HTTP/1.1" 200 773
::1 - - [27/Sep/2022:23:24:26 -0300] "GET /favicon.ico HTTP/1.1" 404 196
::1 - - [27/Sep/2022:23:24:54 -0300] "GET /index.php HTTP/1.1" 200 4674
::1 - - [27/Sep/2022:23:24:54 -0300] "GET /css/estilo.css HTTP/1.1" 200 1395
::1 - - [27/Sep/2022:23:24:56 -0300] "GET /cliente/consultaCliente.php HTTP/1.1" 200 4930
::1 - - [27/Sep/2022:23:24:56 -0300] "GET /css/estilo.css HTTP/1.1" 304 -
::1 - - [27/Sep/2022:23:24:57 -0300] "GET /cliente/excluirCliente.php?id=2 HTTP/1.1" 200 3604
::1 - - [27/Sep/2022:23:24:57 -0300] "GET /css/estilo.css HTTP/1.1" 304 -
::1 - - [27/Sep/2022:23:25:23 -0300] "GET /cliente/consultaCliente.php HTTP/1.1" 200 4930
::1 - - [27/Sep/2022:23:25:23 -0300] "GET /css/estilo.css HTTP/1.1" 304 -
::1 - - [27/Sep/2022:23:25:24 -0300] "GET /cliente/excluirCliente.php?id=2 HTTP/1.1" 200 3604
::1 - - [27/Sep/2022:23:26:03 -0300] "-" 408 -
::1 - - [27/Sep/2022:23:26:46 -0300] "GET /cliente/excluirCliente.php?id=2 HTTP/1.1" 200 3604
::1 - - [27/Sep/2022:23:26:46 -0300] "GET /css/estilo.css HTTP/1.1" 200 1368
::1 - - [27/Sep/2022:23:26:46 -0300] "GET /favicon.ico HTTP/1.1" 404 196
::1 - - [27/Sep/2022:23:26:48 -0300] "GET /index.php HTTP/1.1" 200 4674
::1 - - [27/Sep/2022:23:26:48 -0300] "GET /css/estilo.css HTTP/1.1" 304 -
::1 - - [27/Sep/2022:23:26:52 -0300] "GET /cliente/consultaCliente.php HTTP/1.1" 200 4930
::1 - - [27/Sep/2022:23:26:53 -0300] "GET /css/estilo.css HTTP/1.1" 304 -
::1 - - [27/Sep/2022:23:27:00 -0300] "GET /cliente/cadastroUsuario.php HTTP/1.1" 404 196
::1 - - [27/Sep/2022:23:28:00 -0300] "-" 408 -
::1 - - [27/Sep/2022:23:28:46 -0300] "GET /index.php HTTP/1.1" 200 4688
::1 - - [27/Sep/2022:23:28:46 -0300] "GET /css/estilo.css HTTP/1.1" 200 1368
::1 - - [27/Sep/2022:23:28:47 -0300] "GET /favicon.ico HTTP/1.1" 404 196
::1 - - [27/Sep/2022:23:28:48 -0300] "GET /cliente/consultaCliente.php HTTP/1.1" 200 4930
::1 - - [27/Sep/2022:23:28:50 -0300] "GET /cliente/cadastroCliente.php HTTP/1.1" 200 5724
::1 - - [27/Sep/2022:23:28:51 -0300] "GET /funcionario/cadastroFuncionario.php HTTP/1.1" 200 5985
::1 - - [27/Sep/2022:23:28:52 -0300] "GET /funcionario/consultaFuncionario.php HTTP/1.1" 200 4971
::1 - - [27/Sep/2022:23:28:54 -0300] "GET /funcionario/consultaFuncionario.php HTTP/1.1" 200 4971
::1 - - [27/Sep/2022:23:28:56 -0300] "GET /cliente/cadastroCliente.php HTTP/1.1" 200 5724
::1 - - [27/Sep/2022:23:28:59 -0300] "GET /funcionario/cadastroFuncionario.php HTTP/1.1" 200 5985
::1 - - [27/Sep/2022:23:29:00 -0300] "GET /css/estilo.css HTTP/1.1" 304 -
::1 - - [27/Sep/2022:23:29:11 -0300] "-" 408 -
::1 - - [27/Sep/2022:23:29:42 -0300] "GET /cliente/cadastroCliente.php HTTP/1.1" 200 5724
::1 - - [27/Sep/2022:23:29:42 -0300] "GET /css/estilo.css HTTP/1.1" 304 -
::1 - - [27/Sep/2022:23:29:45 -0300] "GET /cliente/cadastroCliente.php HTTP/1.1" 200 5724
::1 - - [27/Sep/2022:23:29:47 -0300] "GET /cliente/consultaCliente.php HTTP/1.1" 200 4930
::1 - - [27/Sep/2022:23:29:48 -0300] "GET /cliente/alterarCliente.php?id=2 HTTP/1.1" 200 6320
::1 - - [27/Sep/2022:23:30:41 -0300] "-" 408 -
::1 - - [27/Sep/2022:23:30:53 -0300] "-" 408 -
::1 - - [27/Sep/2022:23:36:06 -0300] "GET /index.php HTTP/1.1" 200 4681
::1 - - [27/Sep/2022:23:36:06 -0300] "GET /css/estilo.css HTTP/1.1" 304 -
::1 - - [27/Sep/2022:23:36:35 -0300] "GET /funcionario/cadastroFuncionario.php HTTP/1.1" 200 5986
::1 - - [27/Sep/2022:23:36:38 -0300] "GET /cliente/cadastroCliente.php HTTP/1.1" 200 5725
::1 - - [27/Sep/2022:23:36:39 -0300] "GET /funcionario/cadastroFuncionario.php HTTP/1.1" 200 5986
::1 - - [27/Sep/2022:23:36:41 -0300] "GET /fornecedor/cadastroFornecedor.php HTTP/1.1" 200 5708
::1 - - [27/Sep/2022:23:36:41 -0300] "GET /produto/cadastroProduto.php HTTP/1.1" 200 4114
::1 - - [27/Sep/2022:23:36:42 -0300] "GET /usuario/cadastroUsuario.php HTTP/1.1" 200 4114
::1 - - [27/Sep/2022:23:36:47 -0300] "GET /index.php HTTP/1.1" 200 4681
::1 - - [27/Sep/2022:23:37:03 -0300] "GET /phpmyadmin HTTP/1.1" 301 236
::1 - - [27/Sep/2022:23:37:03 -0300] "GET /phpmyadmin/ HTTP/1.1" 200 4957
::1 - - [27/Sep/2022:23:37:04 -0300] "GET /phpmyadmin/js/vendor/codemirror/addon/hint/show-hint.css?v=5.1.3 HTTP/1.1" 200 623
::1 - - [27/Sep/2022:23:37:04 -0300] "GET /phpmyadmin/js/vendor/codemirror/lib/codemirror.css?v=5.1.3 HTTP/1.1" 200 8709
::1 - - [27/Sep/2022:23:37:04 -0300] "GET /phpmyadmin/themes/pmahomme/jquery/jquery-ui.css HTTP/1.1" 200 36566
::1 - - [27/Sep/2022:23:37:04 -0300] "GET /phpmyadmin/js/vendor/sprintf.js?v=5.1.3 HTTP/1.1" 200 7409
::1 - - [27/Sep/2022:23:37:04 -0300] "GET /phpmyadmin/js/dist/ajax.js?v=5.1.3 HTTP/1.1" 200 31330
::1 - - [27/Sep/2022:23:37:04 -0300] "GET /phpmyadmin/themes/pmahomme/css/theme.css?v=5.1.3&nocache=1338893027ltr&server=1 HTTP/1.1" 200 216144
::1 - - [27/Sep/2022:23:37:04 -0300] "GET /phpmyadmin/js/vendor/jquery/jquery-migrate.js?v=5.1.3 HTTP/1.1" 200 25300
::1 - - [27/Sep/2022:23:37:04 -0300] "GET /phpmyadmin/js/vendor/codemirror/addon/lint/lint.css?v=5.1.3 HTTP/1.1" 200 3035
::1 - - [27/Sep/2022:23:37:04 -0300] "GET /phpmyadmin/js/dist/keyhandler.js?v=5.1.3 HTTP/1.1" 200 3003
::1 - - [27/Sep/2022:23:37:04 -0300] "GET /phpmyadmin/js/vendor/js.cookie.js?v=5.1.3 HTTP/1.1" 200 3883
::1 - - [27/Sep/2022:23:37:04 -0300] "GET /phpmyadmin/js/vendor/jquery/jquery.mousewheel.js?v=5.1.3 HTTP/1.1" 200 8267
::1 - - [27/Sep/2022:23:37:04 -0300] "GET /phpmyadmin/js/vendor/jquery/jquery.min.js?v=5.1.3 HTTP/1.1" 200 89501
::1 - - [27/Sep/2022:23:37:04 -0300] "GET /phpmyadmin/js/vendor/jquery/jquery.validate.js?v=5.1.3 HTTP/1.1" 200 50963
::1 - - [27/Sep/2022:23:37:04 -0300] "GET /phpmyadmin/js/vendor/bootstrap/bootstrap.bundle.min.js?v=5.1.3 HTTP/1.1" 200 83253
::1 - - [27/Sep/2022:23:37:04 -0300] "GET /phpmyadmin/js/vendor/jquery/jquery.debounce-1.0.6.js?v=5.1.3 HTTP/1.1" 200 1608
::1 - - [27/Sep/2022:23:37:04 -0300] "GET /phpmyadmin/js/vendor/jquery/jquery-ui-timepicker-addon.js?v=5.1.3 HTTP/1.1" 200 78475
::1 - - [27/Sep/2022:23:37:04 -0300] "GET /phpmyadmin/js/vendor/jquery/jquery.ba-hashchange-2.0.js?v=5.1.3 HTTP/1.1" 200 10505
::1 - - [27/Sep/2022:23:37:04 -0300] "GET /phpmyadmin/js/dist/cross_framing_protection.js?v=5.1.3 HTTP/1.1" 200 419
::1 - - [27/Sep/2022:23:37:04 -0300] "GET /phpmyadmin/js/dist/menu_resizer.js?v=5.1.3 HTTP/1.1" 200 5687
::1 - - [27/Sep/2022:23:37:04 -0300] "GET /phpmyadmin/js/dist/config.js?v=5.1.3 HTTP/1.1" 200 25448
::1 - - [27/Sep/2022:23:37:04 -0300] "GET /phpmyadmin/js/dist/rte.js?v=5.1.3 HTTP/1.1" 200 40074
::1 - - [27/Sep/2022:23:37:04 -0300] "GET /phpmyadmin/js/dist/doclinks.js?v=5.1.3 HTTP/1.1" 200 18292
::1 - - [27/Sep/2022:23:37:04 -0300] "GET /phpmyadmin/js/vendor/jquery/jquery-ui.min.js?v=5.1.3 HTTP/1.1" 200 253669
::1 - - [27/Sep/2022:23:37:04 -0300] "GET /phpmyadmin/js/dist/common.js?v=5.1.3 HTTP/1.1" 200 4388
::1 - - [27/Sep/2022:23:37:04 -0300] "GET /phpmyadmin/js/dist/indexes.js?v=5.1.3 HTTP/1.1" 200 26322
::1 - - [27/Sep/2022:23:37:04 -0300] "GET /phpmyadmin/js/dist/navigation.js?v=5.1.3 HTTP/1.1" 200 54678
::1 - - [27/Sep/2022:23:37:04 -0300] "GET /phpmyadmin/js/dist/functions.js?v=5.1.3 HTTP/1.1" 200 161208
::1 - - [27/Sep/2022:23:37:04 -0300] "GET /phpmyadmin/js/dist/page_settings.js?v=5.1.3 HTTP/1.1" 200 1568
::1 - - [27/Sep/2022:23:37:04 -0300] "GET /phpmyadmin/js/vendor/codemirror/addon/runmode/runmode.js?v=5.1.3 HTTP/1.1" 200 2773
::1 - - [27/Sep/2022:23:37:04 -0300] "GET /phpmyadmin/js/vendor/codemirror/mode/sql/sql.js?v=5.1.3 HTTP/1.1" 200 47998
::1 - - [27/Sep/2022:23:37:04 -0300] "GET /phpmyadmin/js/vendor/codemirror/addon/hint/show-hint.js?v=5.1.3 HTTP/1.1" 200 19979
::1 - - [27/Sep/2022:23:37:04 -0300] "GET /phpmyadmin/js/vendor/codemirror/addon/hint/sql-hint.js?v=5.1.3 HTTP/1.1" 200 9604
::1 - - [27/Sep/2022:23:37:04 -0300] "GET /phpmyadmin/js/dist/codemirror/addon/lint/sql-lint.js?v=5.1.3 HTTP/1.1" 200 959
::1 - - [27/Sep/2022:23:37:04 -0300] "GET /phpmyadmin/js/vendor/codemirror/addon/lint/lint.js?v=5.1.3 HTTP/1.1" 200 9985
::1 - - [27/Sep/2022:23:37:04 -0300] "GET /phpmyadmin/js/messages.php?l=pt&v=5.1.3&lang=pt HTTP/1.1" 200 9113
::1 - - [27/Sep/2022:23:37:04 -0300] "GET /phpmyadmin/js/dist/shortcuts_handler.js?v=5.1.3 HTTP/1.1" 200 3326
::1 - - [27/Sep/2022:23:37:04 -0300] "GET /phpmyadmin/js/dist/error_report.js?v=5.1.3 HTTP/1.1" 200 9664
::1 - - [27/Sep/2022:23:37:04 -0300] "GET /phpmyadmin/js/dist/drag_drop_import.js?v=5.1.3 HTTP/1.1" 200 12308
::1 - - [27/Sep/2022:23:37:04 -0300] "GET /phpmyadmin/js/vendor/tracekit.js?v=5.1.3 HTTP/1.1" 200 47128
::1 - - [27/Sep/2022:23:37:04 -0300] "GET /phpmyadmin/js/dist/console.js?v=5.1.3 HTTP/1.1" 200 49699
::1 - - [27/Sep/2022:23:37:04 -0300] "GET /phpmyadmin/js/vendor/codemirror/lib/codemirror.js?v=5.1.3 HTTP/1.1" 200 399842
::1 - - [27/Sep/2022:23:37:04 -0300] "GET /phpmyadmin/themes/pmahomme/img/logo_right.png HTTP/1.1" 200 4306
::1 - - [27/Sep/2022:23:37:04 -0300] "GET /phpmyadmin/themes/dot.gif HTTP/1.1" 200 43
::1 - - [27/Sep/2022:23:37:04 -0300] "GET /phpmyadmin/themes/pmahomme/css/printview.css?v=5.1.3 HTTP/1.1" 200 1392
::1 - - [27/Sep/2022:23:37:04 -0300] "GET /phpmyadmin/themes/pmahomme/img/b_help.png HTTP/1.1" 200 705
::1 - - [27/Sep/2022:23:37:04 -0300] "GET /phpmyadmin/favicon.ico HTTP/1.1" 200 22486
::1 - - [27/Sep/2022:23:37:48 -0300] "POST /phpmyadmin/index.php?route=/ HTTP/1.1" 200 9601
::1 - - [27/Sep/2022:23:37:48 -0300] "GET /phpmyadmin/js/messages.php?l=pt&v=5.1.3 HTTP/1.1" 200 9113
::1 - - [27/Sep/2022:23:37:48 -0300] "GET /phpmyadmin/themes/pmahomme/img/logo_left.png HTTP/1.1" 200 2713
::1 - - [27/Sep/2022:23:37:48 -0300] "GET /phpmyadmin/themes/pmahomme/img/b_docs.png HTTP/1.1" 200 705
::1 - - [27/Sep/2022:23:37:48 -0300] "GET /phpmyadmin/themes/pmahomme/img/left_nav_bg.png HTTP/1.1" 200 146
::1 - - [27/Sep/2022:23:37:48 -0300] "GET /phpmyadmin/themes/pmahomme/img/b_home.png HTTP/1.1" 200 734
::1 - - [27/Sep/2022:23:37:48 -0300] "GET /phpmyadmin/themes/pmahomme/img/s_loggoff.png HTTP/1.1" 200 626
::1 - - [27/Sep/2022:23:37:48 -0300] "GET /phpmyadmin/themes/pmahomme/img/s_cog.png HTTP/1.1" 200 442
::1 - - [27/Sep/2022:23:37:48 -0300] "GET /phpmyadmin/themes/pmahomme/img/b_sqlhelp.png HTTP/1.1" 200 512
::1 - - [27/Sep/2022:23:37:48 -0300] "GET /phpmyadmin/themes/pmahomme/img/b_newdb.png HTTP/1.1" 200 585
::1 - - [27/Sep/2022:23:37:48 -0300] "GET /phpmyadmin/themes/pmahomme/img/b_plus.png HTTP/1.1" 200 143
::1 - - [27/Sep/2022:23:37:48 -0300] "GET /phpmyadmin/themes/pmahomme/img/s_link.png HTTP/1.1" 200 280
::1 - - [27/Sep/2022:23:37:48 -0300] "GET /phpmyadmin/themes/pmahomme/img/s_db.png HTTP/1.1" 200 328
::1 - - [27/Sep/2022:23:37:48 -0300] "GET /phpmyadmin/themes/pmahomme/img/s_reload.png HTTP/1.1" 200 527
::1 - - [27/Sep/2022:23:37:48 -0300] "GET /phpmyadmin/themes/pmahomme/img/s_rights.png HTTP/1.1" 200 461
::1 - - [27/Sep/2022:23:37:48 -0300] "GET /phpmyadmin/themes/pmahomme/img/b_export.png HTTP/1.1" 200 514
::1 - - [27/Sep/2022:23:37:48 -0300] "GET /phpmyadmin/themes/pmahomme/img/s_host.png HTTP/1.1" 200 591
::1 - - [27/Sep/2022:23:37:48 -0300] "GET /phpmyadmin/themes/pmahomme/img/b_sql.png HTTP/1.1" 200 680
::1 - - [27/Sep/2022:23:37:48 -0300] "GET /phpmyadmin/themes/pmahomme/img/s_status.png HTTP/1.1" 200 600
::1 - - [27/Sep/2022:23:37:48 -0300] "GET /phpmyadmin/themes/pmahomme/img/b_import.png HTTP/1.1" 200 556
::1 - - [27/Sep/2022:23:37:48 -0300] "GET /phpmyadmin/themes/pmahomme/img/s_asci.png HTTP/1.1" 200 148
::1 - - [27/Sep/2022:23:37:48 -0300] "GET /phpmyadmin/themes/pmahomme/img/s_vars.png HTTP/1.1" 200 523
::1 - - [27/Sep/2022:23:37:48 -0300] "GET /phpmyadmin/themes/pmahomme/img/s_top.png HTTP/1.1" 200 220
::1 - - [27/Sep/2022:23:37:48 -0300] "GET /phpmyadmin/themes/pmahomme/img/console.png HTTP/1.1" 200 292
::1 - - [27/Sep/2022:23:37:48 -0300] "GET /phpmyadmin/themes/pmahomme/img/s_replication.png HTTP/1.1" 200 399
::1 - - [27/Sep/2022:23:37:48 -0300] "GET /phpmyadmin/themes/pmahomme/img/b_tblops.png HTTP/1.1" 200 537
::1 - - [27/Sep/2022:23:37:48 -0300] "GET /phpmyadmin/themes/pmahomme/img/b_plugin.png HTTP/1.1" 200 512
::1 - - [27/Sep/2022:23:37:48 -0300] "GET /phpmyadmin/themes/pmahomme/img/b_edit.png HTTP/1.1" 200 377
::1 - - [27/Sep/2022:23:37:48 -0300] "GET /phpmyadmin/themes/pmahomme/img/b_engine.png HTTP/1.1" 200 398
::1 - - [27/Sep/2022:23:37:48 -0300] "GET /phpmyadmin/themes/pmahomme/img/window-new.png HTTP/1.1" 200 468
::1 - - [27/Sep/2022:23:37:48 -0300] "POST /phpmyadmin/index.php?route=/config/get HTTP/1.1" 200 67
::1 - - [27/Sep/2022:23:37:48 -0300] "GET /phpmyadmin/themes/pmahomme/img/ajax_clock_small.gif HTTP/1.1" 200 1810
::1 - - [27/Sep/2022:23:37:48 -0300] "POST /phpmyadmin/index.php?route=/navigation&ajax_request=1 HTTP/1.1" 200 67
::1 - - [27/Sep/2022:23:37:48 -0300] "POST /phpmyadmin/index.php?route=/config/get HTTP/1.1" 200 67
::1 - - [27/Sep/2022:23:37:48 -0300] "POST /phpmyadmin/index.php?route=/config/set HTTP/1.1" 200 67
::1 - - [27/Sep/2022:23:38:04 -0300] "GET /phpmyadmin/index.php?route=/database/structure&server=1&db=sistema&ajax_request=true&ajax_page_request=true&_nocache=1664332684878545323&token=3d413a373963274f476a2c496b2b265f HTTP/1.1" 200 67
::1 - - [27/Sep/2022:23:38:04 -0300] "GET /phpmyadmin/index.php?route=/database/structure&server=1&db=sistema HTTP/1.1" 200 4956
::1 - - [27/Sep/2022:23:38:08 -0300] "POST /phpmyadmin/index.php?route=/ HTTP/1.1" 302 20
::1 - - [27/Sep/2022:23:38:09 -0300] "GET /phpmyadmin/index.php?route=/&route=%2F&db=sistema HTTP/1.1" 200 13333
::1 - - [27/Sep/2022:23:38:09 -0300] "GET /phpmyadmin/themes/pmahomme/css/theme.css?v=5.1.3&nocache=-139999357ltr&server=1 HTTP/1.1" 200 216144
::1 - - [27/Sep/2022:23:38:09 -0300] "GET /phpmyadmin/js/dist/database/structure.js?v=5.1.3 HTTP/1.1" 200 15663
::1 - - [27/Sep/2022:23:38:09 -0300] "GET /phpmyadmin/js/dist/table/change.js?v=5.1.3 HTTP/1.1" 200 29079
::1 - - [27/Sep/2022:23:38:09 -0300] "GET /phpmyadmin/themes/pmahomme/img/arrow_ltr.png HTTP/1.1" 200 101
::1 - - [27/Sep/2022:23:38:09 -0300] "GET /phpmyadmin/themes/pmahomme/img/b_props.png HTTP/1.1" 200 573
::1 - - [27/Sep/2022:23:38:09 -0300] "GET /phpmyadmin/themes/pmahomme/img/b_routines.png HTTP/1.1" 200 306
::1 - - [27/Sep/2022:23:38:09 -0300] "GET /phpmyadmin/themes/pmahomme/img/b_search.png HTTP/1.1" 200 538
::1 - - [27/Sep/2022:23:38:09 -0300] "GET /phpmyadmin/themes/pmahomme/img/b_triggers.png HTTP/1.1" 200 446
::1 - - [27/Sep/2022:23:38:09 -0300] "GET /phpmyadmin/themes/pmahomme/img/b_relations.png HTTP/1.1" 200 140
::1 - - [27/Sep/2022:23:38:09 -0300] "GET /phpmyadmin/themes/pmahomme/img/b_events.png HTTP/1.1" 200 703
::1 - - [27/Sep/2022:23:38:09 -0300] "GET /phpmyadmin/themes/pmahomme/img/b_insrow.png HTTP/1.1" 200 157
::1 - - [27/Sep/2022:23:38:09 -0300] "GET /phpmyadmin/themes/pmahomme/img/s_asc.png HTTP/1.1" 200 146
::1 - - [27/Sep/2022:23:38:09 -0300] "GET /phpmyadmin/themes/pmahomme/img/b_select.png HTTP/1.1" 200 593
::1 - - [27/Sep/2022:23:38:09 -0300] "GET /phpmyadmin/themes/pmahomme/img/b_browse.png HTTP/1.1" 200 486
::1 - - [27/Sep/2022:23:38:09 -0300] "GET /phpmyadmin/themes/pmahomme/img/b_no_favorite.png HTTP/1.1" 200 377
::1 - - [27/Sep/2022:23:38:09 -0300] "GET /phpmyadmin/themes/pmahomme/img/b_empty.png HTTP/1.1" 200 521
::1 - - [27/Sep/2022:23:38:09 -0300] "GET /phpmyadmin/themes/pmahomme/img/b_drop.png HTTP/1.1" 200 637
::1 - - [27/Sep/2022:23:38:09 -0300] "GET /phpmyadmin/themes/pmahomme/img/b_print.png HTTP/1.1" 200 639
::1 - - [27/Sep/2022:23:38:09 -0300] "GET /phpmyadmin/themes/pmahomme/img/b_table_add.png HTTP/1.1" 200 571
::1 - - [27/Sep/2022:23:38:09 -0300] "GET /phpmyadmin/themes/pmahomme/img/b_tblanalyse.png HTTP/1.1" 200 152
::1 - - [27/Sep/2022:23:38:09 -0300] "POST /phpmyadmin/index.php?route=/config/get HTTP/1.1" 200 1668
::1 - - [27/Sep/2022:23:38:09 -0300] "POST /phpmyadmin/index.php?route=/navigation&ajax_request=1 HTTP/1.1" 200 2182
::1 - - [27/Sep/2022:23:38:09 -0300] "POST /phpmyadmin/index.php?route=/config/get HTTP/1.1" 200 1578
::1 - - [27/Sep/2022:23:38:09 -0300] "POST /phpmyadmin/index.php?route=/config/set HTTP/1.1" 200 1569
::1 - - [27/Sep/2022:23:38:09 -0300] "POST /phpmyadmin/index.php?route=/navigation&ajax_request=1 HTTP/1.1" 200 2131
::1 - - [27/Sep/2022:23:38:10 -0300] "GET /phpmyadmin/themes/pmahomme/img/b_minus.png HTTP/1.1" 200 123
::1 - - [27/Sep/2022:23:38:12 -0300] "POST /phpmyadmin/index.php?route=/navigation&ajax_request=1 HTTP/1.1" 200 2173
::1 - - [27/Sep/2022:23:38:12 -0300] "GET /phpmyadmin/themes/pmahomme/img/pause.png HTTP/1.1" 200 255
::1 - - [27/Sep/2022:23:38:12 -0300] "GET /phpmyadmin/themes/pmahomme/img/b_index.png HTTP/1.1" 200 643
::1 - - [27/Sep/2022:23:38:13 -0300] "GET /phpmyadmin/index.php?route=/table/structure&server=1&db=sistema&table=cliente&ajax_request=true&ajax_page_request=true&_nocache=1664332693395740146&token=55654d43295721774b2d527765415460 HTTP/1.1" 200 8860
::1 - - [27/Sep/2022:23:38:13 -0300] "GET /phpmyadmin/themes/pmahomme/img/b_tblexport.png HTTP/1.1" 200 514
::1 - - [27/Sep/2022:23:38:13 -0300] "GET /phpmyadmin/themes/pmahomme/img/b_tblimport.png HTTP/1.1" 200 556
::1 - - [27/Sep/2022:23:38:13 -0300] "GET /phpmyadmin/themes/pmahomme/img/s_tbl.png HTTP/1.1" 200 645
::1 - - [27/Sep/2022:23:38:13 -0300] "GET /phpmyadmin/themes/pmahomme/img/b_spatial.png HTTP/1.1" 200 376
::1 - - [27/Sep/2022:23:38:13 -0300] "GET /phpmyadmin/themes/pmahomme/img/b_primary.png HTTP/1.1" 200 536
::1 - - [27/Sep/2022:23:38:13 -0300] "GET /phpmyadmin/themes/pmahomme/img/b_more.png HTTP/1.1" 200 111
::1 - - [27/Sep/2022:23:38:13 -0300] "GET /phpmyadmin/themes/pmahomme/img/b_unique.png HTTP/1.1" 200 583
::1 - - [27/Sep/2022:23:38:13 -0300] "GET /phpmyadmin/themes/pmahomme/img/normalize.png HTTP/1.1" 200 505
::1 - - [27/Sep/2022:23:38:13 -0300] "GET /phpmyadmin/themes/pmahomme/img/b_ftext.png HTTP/1.1" 200 550
::1 - - [27/Sep/2022:23:38:13 -0300] "GET /phpmyadmin/themes/pmahomme/img/b_rename.svg HTTP/1.1" 200 881
::1 - - [27/Sep/2022:23:38:13 -0300] "GET /phpmyadmin/themes/pmahomme/img/b_move.png HTTP/1.1" 200 381
::1 - - [27/Sep/2022:23:38:13 -0300] "GET /phpmyadmin/themes/pmahomme/img/s_notice.png HTTP/1.1" 200 567
::1 - - [27/Sep/2022:23:38:13 -0300] "GET /phpmyadmin/js/dist/table/structure.js?v=5.1.3 HTTP/1.1" 200 17577
::1 - - [27/Sep/2022:23:38:13 -0300] "GET /phpmyadmin/index.php?route=/recent-table&ajax_request=1&recent_table=1&no_debug=true&_nocache=1664332693843509358&token=55654d43295721774b2d527765415460 HTTP/1.1" 200 1628
::1 - - [27/Sep/2022:23:38:20 -0300] "GET /phpmyadmin/index.php?route=/table/structure&server=1&db=sistema&table=cliente&ajax_request=true&ajax_page_request=true&_nocache=1664332700429768899&token=55654d43295721774b2d527765415460 HTTP/1.1" 200 8860
::1 - - [27/Sep/2022:23:38:20 -0300] "GET /phpmyadmin/index.php?route=/recent-table&ajax_request=1&recent_table=1&no_debug=true&_nocache=1664332700619859893&token=55654d43295721774b2d527765415460 HTTP/1.1" 200 1628
::1 - - [27/Sep/2022:23:38:21 -0300] "GET /phpmyadmin/index.php?route=/table/structure&server=1&db=sistema&table=cliente&ajax_request=true&ajax_page_request=true&_nocache=1664332701650432703&token=55654d43295721774b2d527765415460 HTTP/1.1" 200 8860
::1 - - [27/Sep/2022:23:38:21 -0300] "GET /phpmyadmin/index.php?route=/recent-table&ajax_request=1&recent_table=1&no_debug=true&_nocache=1664332701826921702&token=55654d43295721774b2d527765415460 HTTP/1.1" 200 1628
::1 - - [27/Sep/2022:23:38:22 -0300] "GET /phpmyadmin/index.php?route=/table/structure&server=1&db=sistema&table=cliente&ajax_request=true&ajax_page_request=true&_nocache=1664332702489215176&token=55654d43295721774b2d527765415460 HTTP/1.1" 200 8860
::1 - - [27/Sep/2022:23:38:22 -0300] "GET /phpmyadmin/index.php?route=/recent-table&ajax_request=1&recent_table=1&no_debug=true&_nocache=1664332702644555694&token=55654d43295721774b2d527765415460 HTTP/1.1" 200 1628
::1 - - [27/Sep/2022:23:38:26 -0300] "GET /phpmyadmin/index.php?route=/sql&server=1&db=sistema&table=fornecedor&pos=0&ajax_request=true&ajax_page_request=true&_nocache=166433270602798732&token=55654d43295721774b2d527765415460 HTTP/1.1" 200 8588
::1 - - [27/Sep/2022:23:38:26 -0300] "GET /phpmyadmin/themes/pmahomme/img/s_success.png HTTP/1.1" 200 465
::1 - - [27/Sep/2022:23:38:26 -0300] "GET /phpmyadmin/themes/pmahomme/img/b_chart.png HTTP/1.1" 200 449
::1 - - [27/Sep/2022:23:38:26 -0300] "GET /phpmyadmin/themes/pmahomme/img/b_view_add.png HTTP/1.1" 200 678
::1 - - [27/Sep/2022:23:38:26 -0300] "GET /phpmyadmin/js/dist/multi_column_sort.js?v=5.1.3 HTTP/1.1" 200 1296
::1 - - [27/Sep/2022:23:38:26 -0300] "GET /phpmyadmin/js/vendor/jquery/jquery.uitablefilter.js?v=5.1.3 HTTP/1.1" 200 3139
::1 - - [27/Sep/2022:23:38:26 -0300] "GET /phpmyadmin/js/dist/gis_data_editor.js?v=5.1.3 HTTP/1.1" 200 13782
::1 - - [27/Sep/2022:23:38:26 -0300] "GET /phpmyadmin/js/vendor/stickyfill.min.js?v=5.1.3 HTTP/1.1" 200 6500
::1 - - [27/Sep/2022:23:38:26 -0300] "GET /phpmyadmin/themes/pmahomme/img/s_fulltext.png HTTP/1.1" 200 176
::1 - - [27/Sep/2022:23:38:26 -0300] "GET /phpmyadmin/js/dist/makegrid.js?v=5.1.3 HTTP/1.1" 200 79747
::1 - - [27/Sep/2022:23:38:26 -0300] "GET /phpmyadmin/js/dist/sql.js?v=5.1.3 HTTP/1.1" 200 35847
::1 - - [27/Sep/2022:23:38:26 -0300] "GET /phpmyadmin/themes/pmahomme/img/col_drop.png HTTP/1.1" 200 111
::1 - - [27/Sep/2022:23:38:26 -0300] "GET /phpmyadmin/themes/pmahomme/img/col_pointer.png HTTP/1.1" 200 102
::1 - - [27/Sep/2022:23:38:26 -0300] "GET /phpmyadmin/index.php?route=/recent-table&ajax_request=1&recent_table=1&no_debug=true&_nocache=1664332706286715603&token=55654d43295721774b2d527765415460 HTTP/1.1" 200 1643
::1 - - [27/Sep/2022:23:38:28 -0300] "GET /phpmyadmin/index.php?route=/sql&server=1&db=sistema&table=cliente&pos=0&ajax_request=true&ajax_page_request=true&_nocache=1664332708875782984&token=55654d43295721774b2d527765415460 HTTP/1.1" 200 8722
::1 - - [27/Sep/2022:23:38:29 -0300] "GET /phpmyadmin/index.php?route=/recent-table&ajax_request=1&recent_table=1&no_debug=true&_nocache=1664332709064188770&token=55654d43295721774b2d527765415460 HTTP/1.1" 200 1643
::1 - - [27/Sep/2022:23:38:31 -0300] "GET /phpmyadmin/index.php?route=/table/create&server=1&db=sistema&ajax_request=true&ajax_page_request=true&_nocache=1664332711819302543&token=55654d43295721774b2d527765415460 HTTP/1.1" 200 29607
::1 - - [27/Sep/2022:23:38:32 -0300] "GET /phpmyadmin/index.php?route=/sql&server=1&db=sistema&table=cliente&pos=0&ajax_request=true&ajax_page_request=true&_nocache=1664332712883648452&token=55654d43295721774b2d527765415460 HTTP/1.1" 200 8723
::1 - - [27/Sep/2022:23:38:33 -0300] "GET /phpmyadmin/index.php?route=/recent-table&ajax_request=1&recent_table=1&no_debug=true&_nocache=1664332713036366191&token=55654d43295721774b2d527765415460 HTTP/1.1" 200 1643
::1 - - [27/Sep/2022:23:38:50 -0300] "POST /phpmyadmin/index.php HTTP/1.1" 200 7338
::1 - - [27/Sep/2022:23:38:50 -0300] "GET /phpmyadmin/js/vendor/jquery/additional-methods.js?v=5.1.3 HTTP/1.1" 200 52032
::1 - - [27/Sep/2022:23:38:50 -0300] "GET /phpmyadmin/index.php?route=/recent-table&ajax_request=1&recent_table=1&no_debug=true&_nocache=1664332730534558250&token=55654d43295721774b2d527765415460 HTTP/1.1" 200 1643
::1 - - [27/Sep/2022:23:39:07 -0300] "GET /phpmyadmin/themes/pmahomme/img/s_lock.png HTTP/1.1" 200 667
::1 - - [27/Sep/2022:23:40:34 -0300] "POST /phpmyadmin/index.php?route=/table/replace HTTP/1.1" 200 8971
::1 - - [27/Sep/2022:23:40:34 -0300] "GET /phpmyadmin/index.php?route=/recent-table&ajax_request=1&recent_table=1&no_debug=true&_nocache=1664332834550227281&token=55654d43295721774b2d527765415460 HTTP/1.1" 200 1643
::1 - - [27/Sep/2022:23:40:39 -0300] "POST /phpmyadmin/index.php HTTP/1.1" 200 7358
::1 - - [27/Sep/2022:23:40:39 -0300] "GET /phpmyadmin/index.php?route=/recent-table&ajax_request=1&recent_table=1&no_debug=true&_nocache=1664332839448245515&token=55654d43295721774b2d527765415460 HTTP/1.1" 200 1643
::1 - - [27/Sep/2022:23:41:27 -0300] "POST /phpmyadmin/index.php?route=/table/replace HTTP/1.1" 200 9020
::1 - - [27/Sep/2022:23:41:27 -0300] "GET /phpmyadmin/index.php?route=/recent-table&ajax_request=1&recent_table=1&no_debug=true&_nocache=1664332887384518889&token=55654d43295721774b2d527765415460 HTTP/1.1" 200 1643
::1 - - [27/Sep/2022:23:41:30 -0300] "POST /phpmyadmin/index.php HTTP/1.1" 200 7345
::1 - - [27/Sep/2022:23:41:30 -0300] "GET /phpmyadmin/index.php?route=/recent-table&ajax_request=1&recent_table=1&no_debug=true&_nocache=166433289036920607&token=55654d43295721774b2d527765415460 HTTP/1.1" 200 1643
::1 - - [27/Sep/2022:23:41:36 -0300] "POST /phpmyadmin/index.php?route=/table/replace HTTP/1.1" 200 8874
::1 - - [27/Sep/2022:23:41:37 -0300] "GET /phpmyadmin/index.php?route=/recent-table&ajax_request=1&recent_table=1&no_debug=true&_nocache=1664332897115917859&token=55654d43295721774b2d527765415460 HTTP/1.1" 200 1643
::1 - - [27/Sep/2022:23:41:39 -0300] "POST /phpmyadmin/index.php HTTP/1.1" 200 7352
::1 - - [27/Sep/2022:23:41:39 -0300] "GET /phpmyadmin/index.php?route=/recent-table&ajax_request=1&recent_table=1&no_debug=true&_nocache=166433289952536214&token=55654d43295721774b2d527765415460 HTTP/1.1" 200 1643
::1 - - [27/Sep/2022:23:42:26 -0300] "POST /phpmyadmin/index.php?route=/table/replace HTTP/1.1" 200 9011
::1 - - [27/Sep/2022:23:42:26 -0300] "GET /phpmyadmin/index.php?route=/recent-table&ajax_request=1&recent_table=1&no_debug=true&_nocache=1664332946581462554&token=55654d43295721774b2d527765415460 HTTP/1.1" 200 1643
::1 - - [27/Sep/2022:23:42:55 -0300] "GET /phpmyadmin/index.php?route=/sql&server=1&db=sistema&table=fornecedor&pos=0&ajax_request=true&ajax_page_request=true&_nocache=1664332975085643408&token=55654d43295721774b2d527765415460 HTTP/1.1" 200 8585
::1 - - [27/Sep/2022:23:42:55 -0300] "GET /phpmyadmin/index.php?route=/recent-table&ajax_request=1&recent_table=1&no_debug=true&_nocache=1664332975292152354&token=55654d43295721774b2d527765415460 HTTP/1.1" 200 1643
::1 - - [27/Sep/2022:23:42:56 -0300] "POST /phpmyadmin/index.php HTTP/1.1" 200 7217
::1 - - [27/Sep/2022:23:42:56 -0300] "GET /phpmyadmin/index.php?route=/recent-table&ajax_request=1&recent_table=1&no_debug=true&_nocache=1664332976849657647&token=55654d43295721774b2d527765415460 HTTP/1.1" 200 1643
::1 - - [27/Sep/2022:23:43:51 -0300] "POST /phpmyadmin/index.php?route=/table/replace HTTP/1.1" 200 8909
::1 - - [27/Sep/2022:23:43:52 -0300] "GET /phpmyadmin/index.php?route=/recent-table&ajax_request=1&recent_table=1&no_debug=true&_nocache=1664333032062388746&token=55654d43295721774b2d527765415460 HTTP/1.1" 200 1643
::1 - - [27/Sep/2022:23:43:55 -0300] "POST /phpmyadmin/index.php HTTP/1.1" 200 7216
::1 - - [27/Sep/2022:23:43:55 -0300] "GET /phpmyadmin/index.php?route=/recent-table&ajax_request=1&recent_table=1&no_debug=true&_nocache=1664333035620897732&token=55654d43295721774b2d527765415460 HTTP/1.1" 200 1643
::1 - - [27/Sep/2022:23:44:36 -0300] "POST /phpmyadmin/index.php?route=/table/replace HTTP/1.1" 200 8914
::1 - - [27/Sep/2022:23:44:36 -0300] "GET /phpmyadmin/index.php?route=/recent-table&ajax_request=1&recent_table=1&no_debug=true&_nocache=1664333076939391372&token=55654d43295721774b2d527765415460 HTTP/1.1" 200 1643
::1 - - [27/Sep/2022:23:44:52 -0300] "POST /phpmyadmin/index.php HTTP/1.1" 200 7216
::1 - - [27/Sep/2022:23:44:52 -0300] "GET /phpmyadmin/index.php?route=/recent-table&ajax_request=1&recent_table=1&no_debug=true&_nocache=1664333092776194629&token=55654d43295721774b2d527765415460 HTTP/1.1" 200 1643
::1 - - [27/Sep/2022:23:45:37 -0300] "POST /phpmyadmin/index.php?route=/table/replace HTTP/1.1" 200 822
::1 - - [27/Sep/2022:23:45:38 -0300] "POST /phpmyadmin/index.php?route=/table/replace HTTP/1.1" 200 822
::1 - - [27/Sep/2022:23:45:54 -0300] "POST /phpmyadmin/index.php?route=/table/replace HTTP/1.1" 200 822
::1 - - [27/Sep/2022:23:46:04 -0300] "POST /phpmyadmin/index.php?route=/table/replace HTTP/1.1" 200 790
::1 - - [27/Sep/2022:23:46:26 -0300] "POST /phpmyadmin/index.php?route=/table/replace HTTP/1.1" 200 8921
::1 - - [27/Sep/2022:23:46:27 -0300] "GET /phpmyadmin/index.php?route=/recent-table&ajax_request=1&recent_table=1&no_debug=true&_nocache=1664333187012597266&token=55654d43295721774b2d527765415460 HTTP/1.1" 200 1643
::1 - - [27/Sep/2022:23:46:30 -0300] "GET /phpmyadmin/index.php?route=/sql&server=1&db=sistema&table=funcionario&pos=0&ajax_request=true&ajax_page_request=true&_nocache=1664333190059261440&token=55654d43295721774b2d527765415460 HTTP/1.1" 200 8725
::1 - - [27/Sep/2022:23:46:30 -0300] "GET /phpmyadmin/index.php?route=/recent-table&ajax_request=1&recent_table=1&no_debug=true&_nocache=1664333190240464775&token=55654d43295721774b2d527765415460 HTTP/1.1" 200 1658
::1 - - [27/Sep/2022:23:46:34 -0300] "POST /phpmyadmin/index.php HTTP/1.1" 200 7361
::1 - - [27/Sep/2022:23:46:34 -0300] "GET /phpmyadmin/index.php?route=/recent-table&ajax_request=1&recent_table=1&no_debug=true&_nocache=1664333194283809816&token=55654d43295721774b2d527765415460 HTTP/1.1" 200 1658
::1 - - [27/Sep/2022:23:47:15 -0300] "POST /phpmyadmin/index.php?route=/table/replace HTTP/1.1" 200 9105
::1 - - [27/Sep/2022:23:47:16 -0300] "GET /phpmyadmin/index.php?route=/recent-table&ajax_request=1&recent_table=1&no_debug=true&_nocache=1664333236170539563&token=55654d43295721774b2d527765415460 HTTP/1.1" 200 1658
::1 - - [27/Sep/2022:23:47:24 -0300] "POST /phpmyadmin/index.php HTTP/1.1" 200 7363
::1 - - [27/Sep/2022:23:47:24 -0300] "GET /phpmyadmin/index.php?route=/recent-table&ajax_request=1&recent_table=1&no_debug=true&_nocache=1664333244439783043&token=55654d43295721774b2d527765415460 HTTP/1.1" 200 1658
::1 - - [27/Sep/2022:23:47:57 -0300] "POST /phpmyadmin/index.php?route=/table/replace HTTP/1.1" 200 9099
::1 - - [27/Sep/2022:23:47:58 -0300] "GET /phpmyadmin/index.php?route=/recent-table&ajax_request=1&recent_table=1&no_debug=true&_nocache=1664333278114564116&token=55654d43295721774b2d527765415460 HTTP/1.1" 200 1658
::1 - - [27/Sep/2022:23:47:59 -0300] "POST /phpmyadmin/index.php HTTP/1.1" 200 7361
::1 - - [27/Sep/2022:23:47:59 -0300] "GET /phpmyadmin/index.php?route=/recent-table&ajax_request=1&recent_table=1&no_debug=true&_nocache=1664333279670291326&token=55654d43295721774b2d527765415460 HTTP/1.1" 200 1658
::1 - - [27/Sep/2022:23:48:36 -0300] "POST /phpmyadmin/index.php?route=/table/replace HTTP/1.1" 200 9112
::1 - - [27/Sep/2022:23:48:36 -0300] "GET /phpmyadmin/index.php?route=/recent-table&ajax_request=1&recent_table=1&no_debug=true&_nocache=1664333316742682770&token=55654d43295721774b2d527765415460 HTTP/1.1" 200 1658
::1 - - [27/Sep/2022:23:48:38 -0300] "GET /phpmyadmin/index.php?route=/sql&server=1&db=sistema&table=produto&pos=0&ajax_request=true&ajax_page_request=true&_nocache=166433331843782158&token=55654d43295721774b2d527765415460 HTTP/1.1" 200 8220
::1 - - [27/Sep/2022:23:48:38 -0300] "GET /phpmyadmin/index.php?route=/recent-table&ajax_request=1&recent_table=1&no_debug=true&_nocache=1664333318599754022&token=55654d43295721774b2d527765415460 HTTP/1.1" 200 1670
::1 - - [27/Sep/2022:23:48:41 -0300] "POST /phpmyadmin/index.php HTTP/1.1" 200 6580
::1 - - [27/Sep/2022:23:48:41 -0300] "GET /phpmyadmin/index.php?route=/recent-table&ajax_request=1&recent_table=1&no_debug=true&_nocache=1664333321907980602&token=55654d43295721774b2d527765415460 HTTP/1.1" 200 1670
::1 - - [27/Sep/2022:23:48:47 -0300] "POST /phpmyadmin/index.php?route=/table/replace HTTP/1.1" 200 8268
::1 - - [27/Sep/2022:23:48:47 -0300] "GET /phpmyadmin/index.php?route=/recent-table&ajax_request=1&recent_table=1&no_debug=true&_nocache=1664333327297752610&token=55654d43295721774b2d527765415460 HTTP/1.1" 200 1670
::1 - - [27/Sep/2022:23:48:50 -0300] "POST /phpmyadmin/index.php HTTP/1.1" 200 6580
::1 - - [27/Sep/2022:23:48:50 -0300] "GET /phpmyadmin/index.php?route=/recent-table&ajax_request=1&recent_table=1&no_debug=true&_nocache=1664333330703330010&token=55654d43295721774b2d527765415460 HTTP/1.1" 200 1670
::1 - - [27/Sep/2022:23:48:57 -0300] "POST /phpmyadmin/index.php?route=/table/replace HTTP/1.1" 200 8408
::1 - - [27/Sep/2022:23:48:58 -0300] "GET /phpmyadmin/index.php?route=/recent-table&ajax_request=1&recent_table=1&no_debug=true&_nocache=1664333338152689883&token=55654d43295721774b2d527765415460 HTTP/1.1" 200 1670
::1 - - [27/Sep/2022:23:48:59 -0300] "POST /phpmyadmin/index.php HTTP/1.1" 200 6574
::1 - - [27/Sep/2022:23:48:59 -0300] "GET /phpmyadmin/index.php?route=/recent-table&ajax_request=1&recent_table=1&no_debug=true&_nocache=166433333993280613&token=55654d43295721774b2d527765415460 HTTP/1.1" 200 1670
::1 - - [27/Sep/2022:23:49:10 -0300] "POST /phpmyadmin/index.php?route=/table/replace HTTP/1.1" 200 8428
::1 - - [27/Sep/2022:23:49:10 -0300] "GET /phpmyadmin/index.php?route=/recent-table&ajax_request=1&recent_table=1&no_debug=true&_nocache=1664333350837242698&token=55654d43295721774b2d527765415460 HTTP/1.1" 200 1670
::1 - - [27/Sep/2022:23:49:13 -0300] "POST /phpmyadmin/index.php HTTP/1.1" 200 6575
::1 - - [27/Sep/2022:23:49:13 -0300] "GET /phpmyadmin/index.php?route=/recent-table&ajax_request=1&recent_table=1&no_debug=true&_nocache=166433335363529189&token=55654d43295721774b2d527765415460 HTTP/1.1" 200 1670
::1 - - [27/Sep/2022:23:49:31 -0300] "POST /phpmyadmin/index.php?route=/table/replace HTTP/1.1" 200 8465
::1 - - [27/Sep/2022:23:49:31 -0300] "GET /phpmyadmin/index.php?route=/recent-table&ajax_request=1&recent_table=1&no_debug=true&_nocache=1664333371896841621&token=55654d43295721774b2d527765415460 HTTP/1.1" 200 1670
::1 - - [27/Sep/2022:23:49:33 -0300] "POST /phpmyadmin/index.php HTTP/1.1" 200 6577
::1 - - [27/Sep/2022:23:49:33 -0300] "GET /phpmyadmin/index.php?route=/recent-table&ajax_request=1&recent_table=1&no_debug=true&_nocache=1664333373649265467&token=55654d43295721774b2d527765415460 HTTP/1.1" 200 1670
::1 - - [27/Sep/2022:23:49:43 -0300] "POST /phpmyadmin/index.php?route=/table/replace HTTP/1.1" 200 8441
::1 - - [27/Sep/2022:23:49:43 -0300] "GET /phpmyadmin/index.php?route=/recent-table&ajax_request=1&recent_table=1&no_debug=true&_nocache=1664333383539381958&token=55654d43295721774b2d527765415460 HTTP/1.1" 200 1670
::1 - - [27/Sep/2022:23:49:44 -0300] "GET /phpmyadmin/index.php?route=/sql&server=1&db=sistema&table=usuario&pos=0&ajax_request=true&ajax_page_request=true&_nocache=1664333384631154596&token=55654d43295721774b2d527765415460 HTTP/1.1" 200 8311
::1 - - [27/Sep/2022:23:49:44 -0300] "GET /phpmyadmin/index.php?route=/recent-table&ajax_request=1&recent_table=1&no_debug=true&_nocache=1664333384819565883&token=55654d43295721774b2d527765415460 HTTP/1.1" 200 1678
::1 - - [27/Sep/2022:23:49:48 -0300] "POST /phpmyadmin/index.php HTTP/1.1" 200 6584
::1 - - [27/Sep/2022:23:49:48 -0300] "GET /phpmyadmin/index.php?route=/recent-table&ajax_request=1&recent_table=1&no_debug=true&_nocache=166433338899570255&token=55654d43295721774b2d527765415460 HTTP/1.1" 200 1678
::1 - - [27/Sep/2022:23:50:05 -0300] "POST /phpmyadmin/index.php?route=/table/replace HTTP/1.1" 200 8542
::1 - - [27/Sep/2022:23:50:05 -0300] "GET /phpmyadmin/index.php?route=/recent-table&ajax_request=1&recent_table=1&no_debug=true&_nocache=1664333405330861925&token=55654d43295721774b2d527765415460 HTTP/1.1" 200 1678
::1 - - [27/Sep/2022:23:50:08 -0300] "POST /phpmyadmin/index.php HTTP/1.1" 200 6582
::1 - - [27/Sep/2022:23:50:08 -0300] "GET /phpmyadmin/index.php?route=/recent-table&ajax_request=1&recent_table=1&no_debug=true&_nocache=1664333408515279945&token=55654d43295721774b2d527765415460 HTTP/1.1" 200 1678
::1 - - [27/Sep/2022:23:50:16 -0300] "POST /phpmyadmin/index.php?route=/table/replace HTTP/1.1" 200 8545
::1 - - [27/Sep/2022:23:50:16 -0300] "GET /phpmyadmin/index.php?route=/recent-table&ajax_request=1&recent_table=1&no_debug=true&_nocache=1664333416957896087&token=55654d43295721774b2d527765415460 HTTP/1.1" 200 1678
::1 - - [27/Sep/2022:23:50:18 -0300] "POST /phpmyadmin/index.php HTTP/1.1" 200 6584
::1 - - [27/Sep/2022:23:50:18 -0300] "GET /phpmyadmin/index.php?route=/recent-table&ajax_request=1&recent_table=1&no_debug=true&_nocache=1664333418685974581&token=55654d43295721774b2d527765415460 HTTP/1.1" 200 1678
::1 - - [27/Sep/2022:23:50:20 -0300] "GET /phpmyadmin/index.php?route=%2Ftable%2Freplace&db=sistema&table=produto&server=1&ajax_request=true&ajax_page_request=true&_nocache=1664333420128125077&token=55654d43295721774b2d527765415460 HTTP/1.1" 200 5298
::1 - - [27/Sep/2022:23:50:20 -0300] "POST /phpmyadmin/index.php?route=/lint HTTP/1.1" 200 28
::1 - - [27/Sep/2022:23:50:20 -0300] "GET /phpmyadmin/index.php?route=/recent-table&ajax_request=1&recent_table=1&no_debug=true&_nocache=1664333420356155043&token=55654d43295721774b2d527765415460 HTTP/1.1" 200 1678
::1 - - [27/Sep/2022:23:50:22 -0300] "GET /phpmyadmin/index.php?route=/sql&server=1&db=sistema&table=usuario&pos=0&ajax_request=true&ajax_page_request=true&_nocache=1664333422044429277&token=55654d43295721774b2d527765415460 HTTP/1.1" 200 8315
::1 - - [27/Sep/2022:23:50:22 -0300] "GET /phpmyadmin/index.php?route=/recent-table&ajax_request=1&recent_table=1&no_debug=true&_nocache=1664333422258738983&token=55654d43295721774b2d527765415460 HTTP/1.1" 200 1678
::1 - - [27/Sep/2022:23:50:24 -0300] "POST /phpmyadmin/index.php HTTP/1.1" 200 6584
::1 - - [27/Sep/2022:23:50:24 -0300] "GET /phpmyadmin/index.php?route=/recent-table&ajax_request=1&recent_table=1&no_debug=true&_nocache=1664333424948864909&token=55654d43295721774b2d527765415460 HTTP/1.1" 200 1678
::1 - - [27/Sep/2022:23:50:43 -0300] "POST /phpmyadmin/index.php?route=/table/replace HTTP/1.1" 200 8540
::1 - - [27/Sep/2022:23:50:43 -0300] "GET /phpmyadmin/index.php?route=/recent-table&ajax_request=1&recent_table=1&no_debug=true&_nocache=1664333443421621316&token=55654d43295721774b2d527765415460 HTTP/1.1" 200 1678
::1 - - [27/Sep/2022:23:50:46 -0300] "POST /phpmyadmin/index.php HTTP/1.1" 200 6579
::1 - - [27/Sep/2022:23:50:46 -0300] "GET /phpmyadmin/index.php?route=/recent-table&ajax_request=1&recent_table=1&no_debug=true&_nocache=1664333446253405833&token=55654d43295721774b2d527765415460 HTTP/1.1" 200 1678
::1 - - [27/Sep/2022:23:50:57 -0300] "POST /phpmyadmin/index.php?route=/table/replace HTTP/1.1" 200 8552
::1 - - [27/Sep/2022:23:50:58 -0300] "GET /phpmyadmin/index.php?route=/recent-table&ajax_request=1&recent_table=1&no_debug=true&_nocache=1664333458156313177&token=55654d43295721774b2d527765415460 HTTP/1.1" 200 1678
::1 - - [27/Sep/2022:23:50:59 -0300] "POST /phpmyadmin/index.php HTTP/1.1" 200 6585
::1 - - [27/Sep/2022:23:51:00 -0300] "GET /phpmyadmin/index.php?route=/recent-table&ajax_request=1&recent_table=1&no_debug=true&_nocache=1664333460050582044&token=55654d43295721774b2d527765415460 HTTP/1.1" 200 1678
::1 - - [27/Sep/2022:23:51:09 -0300] "POST /phpmyadmin/index.php?route=/table/replace HTTP/1.1" 200 8536
::1 - - [27/Sep/2022:23:51:09 -0300] "GET /phpmyadmin/index.php?route=/recent-table&ajax_request=1&recent_table=1&no_debug=true&_nocache=1664333469598248153&token=55654d43295721774b2d527765415460 HTTP/1.1" 200 1678
::1 - - [27/Sep/2022:23:51:11 -0300] "POST /phpmyadmin/index.php?route=/navigation&ajax_request=1 HTTP/1.1" 200 1595
::1 - - [27/Sep/2022:23:51:16 -0300] "GET /index.php HTTP/1.1" 200 4681
::1 - - [27/Sep/2022:23:51:16 -0300] "GET /css/estilo.css HTTP/1.1" 200 1368
::1 - - [27/Sep/2022:23:51:17 -0300] "GET /favicon.ico HTTP/1.1" 404 196
::1 - - [27/Sep/2022:23:51:17 -0300] "GET /cliente/consultaCliente.php HTTP/1.1" 200 4927
::1 - - [27/Sep/2022:23:51:20 -0300] "GET /index.php HTTP/1.1" 200 4681
::1 - - [27/Sep/2022:23:52:16 -0300] "-" 408 -
