PHP Warning:  PHP Startup: Unable to load dynamic library 'php_curl.dll' (tried: C:/USBWebserver v8_en\\php\\ext\\php_curl.dll (N\xc3\xa3o foi poss\xc3\xadvel encontrar o m\xc3\xb3dulo especificado), C:/USBWebserver v8_en\\php\\ext\\php_php_curl.dll.dll (N\xc3\xa3o foi poss\xc3\xadvel encontrar o m\xc3\xb3dulo especificado)) in Unknown on line 0
PHP Warning:  PHP Startup: Unable to load dynamic library 'php_gd2.dll' (tried: C:/USBWebserver v8_en\\php\\ext\\php_gd2.dll (N\xc3\xa3o foi poss\xc3\xadvel encontrar o m\xc3\xb3dulo especificado), C:/USBWebserver v8_en\\php\\ext\\php_php_gd2.dll.dll (N\xc3\xa3o foi poss\xc3\xadvel encontrar o m\xc3\xb3dulo especificado)) in Unknown on line 0
PHP Warning:  PHP Startup: Unable to load dynamic library 'php_pdo_pgsql.dll' (tried: C:/USBWebserver v8_en\\php\\ext\\php_pdo_pgsql.dll (O sistema operacional n\xc3\xa3o pode executar %1), C:/USBWebserver v8_en\\php\\ext\\php_php_pdo_pgsql.dll.dll (N\xc3\xa3o foi poss\xc3\xadvel encontrar o m\xc3\xb3dulo especificado)) in Unknown on line 0
PHP Warning:  PHP Startup: Unable to load dynamic library 'php_pdo_sqlite.dll' (tried: C:/USBWebserver v8_en\\php\\ext\\php_pdo_sqlite.dll (N\xc3\xa3o foi poss\xc3\xadvel encontrar o m\xc3\xb3dulo especificado), C:/USBWebserver v8_en\\php\\ext\\php_php_pdo_sqlite.dll.dll (N\xc3\xa3o foi poss\xc3\xadvel encontrar o m\xc3\xb3dulo especificado)) in Unknown on line 0
PHP Warning:  PHP Startup: Unable to load dynamic library 'php_sqlite3.dll' (tried: C:/USBWebserver v8_en\\php\\ext\\php_sqlite3.dll (N\xc3\xa3o foi poss\xc3\xadvel encontrar o m\xc3\xb3dulo especificado), C:/USBWebserver v8_en\\php\\ext\\php_php_sqlite3.dll.dll (N\xc3\xa3o foi poss\xc3\xadvel encontrar o m\xc3\xb3dulo especificado)) in Unknown on line 0
[Tue Sep 27 22:11:49.219337 2022] [mpm_winnt:notice] [pid 13752:tid 608] AH00455: Apache/2.4.52 (Win32) PHP/8.1.3 configured -- resuming normal operations
[Tue Sep 27 22:11:49.219337 2022] [mpm_winnt:notice] [pid 13752:tid 608] AH00456: Server built: Dec 17 2021 15:03:08
[Tue Sep 27 22:11:49.219337 2022] [core:notice] [pid 13752:tid 608] AH00094: Command line: 'C:\\USBWebserver v8_en/apache2/bin/httpd_usbwv8.exe -d C:/USBWebserver v8_en/apache2'
[Tue Sep 27 22:11:49.225389 2022] [mpm_winnt:notice] [pid 13752:tid 608] AH00418: Parent: Created child process 10760
PHP Warning:  PHP Startup: Unable to load dynamic library 'php_curl.dll' (tried: C:/USBWebserver v8_en\\php\\ext\\php_curl.dll (N\xc3\xa3o foi poss\xc3\xadvel encontrar o m\xc3\xb3dulo especificado), C:/USBWebserver v8_en\\php\\ext\\php_php_curl.dll.dll (N\xc3\xa3o foi poss\xc3\xadvel encontrar o m\xc3\xb3dulo especificado)) in Unknown on line 0
PHP Warning:  PHP Startup: Unable to load dynamic library 'php_gd2.dll' (tried: C:/USBWebserver v8_en\\php\\ext\\php_gd2.dll (N\xc3\xa3o foi poss\xc3\xadvel encontrar o m\xc3\xb3dulo especificado), C:/USBWebserver v8_en\\php\\ext\\php_php_gd2.dll.dll (N\xc3\xa3o foi poss\xc3\xadvel encontrar o m\xc3\xb3dulo especificado)) in Unknown on line 0
PHP Warning:  PHP Startup: Unable to load dynamic library 'php_pdo_pgsql.dll' (tried: C:/USBWebserver v8_en\\php\\ext\\php_pdo_pgsql.dll (O sistema operacional n\xc3\xa3o pode executar %1), C:/USBWebserver v8_en\\php\\ext\\php_php_pdo_pgsql.dll.dll (N\xc3\xa3o foi poss\xc3\xadvel encontrar o m\xc3\xb3dulo especificado)) in Unknown on line 0
PHP Warning:  PHP Startup: Unable to load dynamic library 'php_pdo_sqlite.dll' (tried: C:/USBWebserver v8_en\\php\\ext\\php_pdo_sqlite.dll (N\xc3\xa3o foi poss\xc3\xadvel encontrar o m\xc3\xb3dulo especificado), C:/USBWebserver v8_en\\php\\ext\\php_php_pdo_sqlite.dll.dll (N\xc3\xa3o foi poss\xc3\xadvel encontrar o m\xc3\xb3dulo especificado)) in Unknown on line 0
PHP Warning:  PHP Startup: Unable to load dynamic library 'php_sqlite3.dll' (tried: C:/USBWebserver v8_en\\php\\ext\\php_sqlite3.dll (N\xc3\xa3o foi poss\xc3\xadvel encontrar o m\xc3\xb3dulo especificado), C:/USBWebserver v8_en\\php\\ext\\php_php_sqlite3.dll.dll (N\xc3\xa3o foi poss\xc3\xadvel encontrar o m\xc3\xb3dulo especificado)) in Unknown on line 0
[Tue Sep 27 22:11:49.758360 2022] [mpm_winnt:notice] [pid 10760:tid 596] AH00354: Child: Starting 64 worker threads.
[Tue Sep 27 22:31:39.070017 2022] [php:error] [pid 10760:tid 1256] [client ::1:58104] script 'C:/USBWebserver v8_en/root/menu.php' not found or unable to stat, referer: http://localhost/funcionario/cadastroFuncionario.php
[Tue Sep 27 22:31:43.119296 2022] [php:error] [pid 10760:tid 1256] [client ::1:58104] script 'C:/USBWebserver v8_en/root/menu.php' not found or unable to stat, referer: http://localhost/funcionario/cadastroFuncionario.php
[Tue Sep 27 22:32:17.970913 2022] [php:error] [pid 10760:tid 1248] [client ::1:58105] script 'C:/USBWebserver v8_en/root/menu.php' not found or unable to stat, referer: http://localhost/funcionario/cadastroFuncionario.php
[Tue Sep 27 22:32:22.012674 2022] [php:error] [pid 10760:tid 1248] [client ::1:58105] script 'C:/USBWebserver v8_en/root/menu.php' not found or unable to stat, referer: http://localhost/funcionario/cadastroFuncionario.php
[Tue Sep 27 22:33:44.535571 2022] [php:error] [pid 10760:tid 1244] [client ::1:58131] script 'C:/USBWebserver v8_en/root/menu.php' not found or unable to stat, referer: http://localhost/funcionario/consultaFuncionario.php
[Tue Sep 27 22:34:18.919662 2022] [php:error] [pid 10760:tid 1248] [client ::1:58132] script 'C:/USBWebserver v8_en/root/menu.php' not found or unable to stat, referer: http://localhost/cliente/cadastroCliente.php
[Tue Sep 27 22:35:18.355651 2022] [php:error] [pid 10760:tid 1244] [client ::1:58152] script 'C:/USBWebserver v8_en/root/menu.php' not found or unable to stat, referer: http://localhost/cliente/cadastroCliente.php
[Tue Sep 27 22:39:40.607908 2022] [php:warn] [pid 10760:tid 1248] [client ::1:58217] PHP Warning:  Undefined variable $conn in C:\\USBWebserver v8_en\\root\\cliente\\consultaCliente.php on line 65, referer: http://localhost/index.php
[Tue Sep 27 22:39:40.609419 2022] [php:error] [pid 10760:tid 1248] [client ::1:58217] PHP Fatal error:  Uncaught Error: Call to a member function prepare() on null in C:\\USBWebserver v8_en\\root\\cliente\\consultaCliente.php:65\nStack trace:\n#0 {main}\n  thrown in C:\\USBWebserver v8_en\\root\\cliente\\consultaCliente.php on line 65, referer: http://localhost/index.php
[Tue Sep 27 22:42:47.738712 2022] [php:warn] [pid 10760:tid 1248] [client ::1:58257] PHP Warning:  Undefined variable $conn in C:\\USBWebserver v8_en\\root\\cliente\\consultaCliente.php on line 65, referer: http://localhost/index.php
[Tue Sep 27 22:42:47.738712 2022] [php:error] [pid 10760:tid 1248] [client ::1:58257] PHP Fatal error:  Uncaught Error: Call to a member function prepare() on null in C:\\USBWebserver v8_en\\root\\cliente\\consultaCliente.php:65\nStack trace:\n#0 {main}\n  thrown in C:\\USBWebserver v8_en\\root\\cliente\\consultaCliente.php on line 65, referer: http://localhost/index.php
[Tue Sep 27 22:42:55.032792 2022] [php:warn] [pid 10760:tid 1244] [client ::1:58258] PHP Warning:  Undefined variable $conn in C:\\USBWebserver v8_en\\root\\cliente\\consultaCliente.php on line 65, referer: http://localhost/index.php
[Tue Sep 27 22:42:55.032792 2022] [php:error] [pid 10760:tid 1244] [client ::1:58258] PHP Fatal error:  Uncaught Error: Call to a member function prepare() on null in C:\\USBWebserver v8_en\\root\\cliente\\consultaCliente.php:65\nStack trace:\n#0 {main}\n  thrown in C:\\USBWebserver v8_en\\root\\cliente\\consultaCliente.php on line 65, referer: http://localhost/index.php
[Tue Sep 27 23:27:00.866946 2022] [php:error] [pid 10760:tid 1244] [client ::1:58782] script 'C:/USBWebserver v8_en/root/cliente/cadastroUsuario.php' not found or unable to stat, referer: http://localhost/index.php
