2022-08-19T17:26:43.637351Z 0 [Warning] TIMESTAMP with implicit DEFAULT value is deprecated. Please use --explicit_defaults_for_timestamp server option (see documentation for more details).
2022-08-19T17:26:43.637351Z 0 [Note] --secure-file-priv is set to NULL. Operations related to importing and exporting data are disabled
2022-08-19T17:26:43.637351Z 0 [ERROR] Cannot open Windows EventLog; check privileges, or start server with --log_syslog=0
2022-08-19T17:26:43.637351Z 0 [Note] C:\Users\Lab0-00\Downloads\usbwebserver/mysql/bin/mysqld_usbwv8.exe (mysqld 5.7.36) starting as process 1868 ...
2022-08-19T17:26:43.652951Z 0 [ERROR] Error message file 'C:\Users\Lab0-00\Downloads\usbwebserver\mysql\share\english\errmsg.sys' had only 886 error messages,
                    but it should contain at least 1123 error messages.
                    Check that the above file is the right version for                     this program!
2022-08-19T17:26:43.668551Z 0 [Note] InnoDB: Mutexes and rw_locks use Windows interlocked functions
2022-08-19T17:26:43.668551Z 0 [Note] InnoDB: Uses event mutexes
2022-08-19T17:26:43.668551Z 0 [Note] InnoDB: Memory barrier is not used
2022-08-19T17:26:43.668551Z 0 [Note] InnoDB: Compressed tables use zlib 1.2.11
2022-08-19T17:26:43.668551Z 0 [Note] InnoDB: Number of pools: 1
2022-08-19T17:26:43.668551Z 0 [Note] InnoDB: Not using CPU crc32 instructions
2022-08-19T17:26:43.668551Z 0 [Note] InnoDB: Initializing buffer pool, total size = 128M, instances = 1, chunk size = 128M
2022-08-19T17:26:43.668551Z 0 [Note] InnoDB: Completed initialization of buffer pool
2022-08-19T17:26:43.684151Z 0 [Note] InnoDB: The first innodb_system data file 'ibdata1' did not exist. A new tablespace will be created!
2022-08-19T17:26:43.715351Z 0 [Note] InnoDB: Setting file 'C:\Users\Lab0-00\Downloads\usbwebserver\mysql\data\ibdata1' size to 10 MB. Physically writing the file full; Please wait ...
2022-08-19T17:26:44.058551Z 0 [Note] InnoDB: File 'C:\Users\Lab0-00\Downloads\usbwebserver\mysql\data\ibdata1' size is now 10 MB.
2022-08-19T17:26:44.120951Z 0 [Note] InnoDB: Setting log file C:\Users\Lab0-00\Downloads\usbwebserver\mysql\data\ib_logfile101 size to 5 MB
2022-08-19T17:26:44.308151Z 0 [Note] InnoDB: Setting log file C:\Users\Lab0-00\Downloads\usbwebserver\mysql\data\ib_logfile1 size to 5 MB
2022-08-19T17:26:44.750951Z 0 [Note] InnoDB: Renaming log file C:\Users\Lab0-00\Downloads\usbwebserver\mysql\data\ib_logfile101 to C:\Users\Lab0-00\Downloads\usbwebserver\mysql\data\ib_logfile0
2022-08-19T17:26:44.750951Z 0 [Warning] InnoDB: New log files created, LSN=45790
2022-08-19T17:26:44.750951Z 0 [Note] InnoDB: Creating shared tablespace for temporary tables
2022-08-19T17:26:44.750951Z 0 [Note] InnoDB: Setting file 'C:\Users\Lab0-00\Downloads\usbwebserver\mysql\data\ibtmp1' size to 12 MB. Physically writing the file full; Please wait ...
2022-08-19T17:26:45.221351Z 0 [Note] InnoDB: File 'C:\Users\Lab0-00\Downloads\usbwebserver\mysql\data\ibtmp1' size is now 12 MB.
2022-08-19T17:26:45.314951Z 0 [Note] InnoDB: Doublewrite buffer not found: creating new
2022-08-19T17:26:45.753751Z 0 [Note] InnoDB: Doublewrite buffer created
2022-08-19T17:26:48.532551Z 0 [Note] InnoDB: 96 redo rollback segment(s) found. 96 redo rollback segment(s) are active.
2022-08-19T17:26:48.532551Z 0 [Note] InnoDB: 32 non-redo rollback segment(s) are active.
2022-08-19T17:26:48.610551Z 0 [Warning] InnoDB: Creating foreign key constraint system tables.
2022-08-19T17:26:48.704151Z 0 [Note] InnoDB: Foreign key constraint system tables created
2022-08-19T17:26:48.704151Z 0 [Note] InnoDB: Creating tablespace and datafile system tables.
2022-08-19T17:26:48.797751Z 0 [Note] InnoDB: Tablespace and datafile system tables created.
2022-08-19T17:26:48.797751Z 0 [Note] InnoDB: Creating sys_virtual system tables.
2022-08-19T17:26:48.906951Z 0 [Note] InnoDB: sys_virtual table created
2022-08-19T17:26:48.906951Z 0 [Note] InnoDB: Waiting for purge to start
2022-08-19T17:26:48.969351Z 0 [Note] InnoDB: page_cleaner: 1000ms intended loop took 5301ms. The settings might not be optimal. (flushed=0 and evicted=0, during the time.)
2022-08-19T17:26:48.969351Z 0 [Note] InnoDB: 5.7.36 started; log sequence number 0
2022-08-19T17:26:49.000551Z 0 [Note] Plugin 'FEDERATED' is disabled.
2022-08-19T17:26:49.031751Z 0 [Warning] System table 'plugin' is expected to be transactional.
2022-08-19T17:26:49.031751Z 0 [Warning] Gtid table is not ready to be used. Table 'mysql.gtid_executed' cannot be opened.
2022-08-19T17:26:49.062951Z 0 [Note] Found ca.pem, server-cert.pem and server-key.pem in data directory. Trying to enable SSL support using them.
2022-08-19T17:26:49.062951Z 0 [Note] Skipping generation of SSL certificates as certificate files are present in data directory.
2022-08-19T17:26:49.062951Z 0 [Warning] 
2022-08-19T17:26:49.062951Z 0 [Warning] 
2022-08-19T17:26:49.078551Z 0 [Warning] CA certificate ca.pem is self signed.
2022-08-19T17:26:49.078551Z 0 [Note] Skipping generation of RSA key pair as key files are present in data directory.
2022-08-19T17:26:49.078551Z 0 [Note] Server hostname (bind-address): '*'; port: 3306
2022-08-19T17:26:49.078551Z 0 [Note] IPv6 is available.
2022-08-19T17:26:49.078551Z 0 [Note]   - '::' resolves to '::';
2022-08-19T17:26:49.078551Z 0 [Note] Server socket created on IP: '::'.
2022-08-19T17:26:49.078551Z 0 [ERROR] Can't start server: Bind on TCP/IP port: No such file or directory
2022-08-19T17:26:49.078551Z 0 [ERROR] Do you already have another mysqld server running on port: 3306 ?
2022-08-19T17:26:49.078551Z 0 [ERROR] Aborting

2022-08-19T17:26:49.078551Z 0 [Note] Binlog end
2022-08-19T17:26:49.078551Z 0 [Note] Shutting down plugin 'ngram'
2022-08-19T17:26:49.078551Z 0 [Note] Shutting down plugin 'partition'
2022-08-19T17:26:49.078551Z 0 [Note] Shutting down plugin 'BLACKHOLE'
2022-08-19T17:26:49.094151Z 0 [Note] Shutting down plugin 'ARCHIVE'
2022-08-19T17:26:49.094151Z 0 [Note] Shutting down plugin 'PERFORMANCE_SCHEMA'
2022-08-19T17:26:49.094151Z 0 [Note] Shutting down plugin 'MRG_MYISAM'
2022-08-19T17:26:49.094151Z 0 [Note] Shutting down plugin 'MyISAM'
2022-08-19T17:26:49.094151Z 0 [Note] Shutting down plugin 'INNODB_SYS_VIRTUAL'
2022-08-19T17:26:49.094151Z 0 [Note] Shutting down plugin 'INNODB_SYS_DATAFILES'
2022-08-19T17:26:49.094151Z 0 [Note] Shutting down plugin 'INNODB_SYS_TABLESPACES'
2022-08-19T17:26:49.094151Z 0 [Note] Shutting down plugin 'INNODB_SYS_FOREIGN_COLS'
2022-08-19T17:26:49.094151Z 0 [Note] Shutting down plugin 'INNODB_SYS_FOREIGN'
2022-08-19T17:26:49.094151Z 0 [Note] Shutting down plugin 'INNODB_SYS_FIELDS'
2022-08-19T17:26:49.094151Z 0 [Note] Shutting down plugin 'INNODB_SYS_COLUMNS'
2022-08-19T17:26:49.094151Z 0 [Note] Shutting down plugin 'INNODB_SYS_INDEXES'
2022-08-19T17:26:49.094151Z 0 [Note] Shutting down plugin 'INNODB_SYS_TABLESTATS'
2022-08-19T17:26:49.094151Z 0 [Note] Shutting down plugin 'INNODB_SYS_TABLES'
2022-08-19T17:26:49.094151Z 0 [Note] Shutting down plugin 'INNODB_FT_INDEX_TABLE'
2022-08-19T17:26:49.094151Z 0 [Note] Shutting down plugin 'INNODB_FT_INDEX_CACHE'
2022-08-19T17:26:49.094151Z 0 [Note] Shutting down plugin 'INNODB_FT_CONFIG'
2022-08-19T17:26:49.094151Z 0 [Note] Shutting down plugin 'INNODB_FT_BEING_DELETED'
2022-08-19T17:26:49.094151Z 0 [Note] Shutting down plugin 'INNODB_FT_DELETED'
2022-08-19T17:26:49.094151Z 0 [Note] Shutting down plugin 'INNODB_FT_DEFAULT_STOPWORD'
2022-08-19T17:26:49.094151Z 0 [Note] Shutting down plugin 'INNODB_METRICS'
2022-08-19T17:26:49.094151Z 0 [Note] Shutting down plugin 'INNODB_TEMP_TABLE_INFO'
2022-08-19T17:26:49.094151Z 0 [Note] Shutting down plugin 'INNODB_BUFFER_POOL_STATS'
2022-08-19T17:26:49.094151Z 0 [Note] Shutting down plugin 'INNODB_BUFFER_PAGE_LRU'
2022-08-19T17:26:49.094151Z 0 [Note] Shutting down plugin 'INNODB_BUFFER_PAGE'
2022-08-19T17:26:49.094151Z 0 [Note] Shutting down plugin 'INNODB_CMP_PER_INDEX_RESET'
2022-08-19T17:26:49.094151Z 0 [Note] Shutting down plugin 'INNODB_CMP_PER_INDEX'
2022-08-19T17:26:49.094151Z 0 [Note] Shutting down plugin 'INNODB_CMPMEM_RESET'
2022-08-19T17:26:49.094151Z 0 [Note] Shutting down plugin 'INNODB_CMPMEM'
2022-08-19T17:26:49.094151Z 0 [Note] Shutting down plugin 'INNODB_CMP_RESET'
2022-08-19T17:26:49.094151Z 0 [Note] Shutting down plugin 'INNODB_CMP'
2022-08-19T17:26:49.094151Z 0 [Note] Shutting down plugin 'INNODB_LOCK_WAITS'
2022-08-19T17:26:49.094151Z 0 [Note] Shutting down plugin 'INNODB_LOCKS'
2022-08-19T17:26:49.094151Z 0 [Note] Shutting down plugin 'INNODB_TRX'
2022-08-19T17:26:49.094151Z 0 [Note] Shutting down plugin 'InnoDB'
2022-08-19T17:26:49.094151Z 0 [Note] InnoDB: FTS optimize thread exiting.
2022-08-19T17:26:49.094151Z 0 [Note] InnoDB: Starting shutdown...
2022-08-19T17:26:49.203351Z 0 [Note] InnoDB: Dumping buffer pool(s) to C:\Users\Lab0-00\Downloads\usbwebserver\mysql\data\ib_buffer_pool
2022-08-19T17:26:49.203351Z 0 [Note] InnoDB: Buffer pool(s) dump completed at 220819 14:26:49
2022-08-19T17:26:50.531351Z 0 [Note] InnoDB: Shutdown completed; log sequence number 1209968
2022-08-19T17:26:50.531351Z 0 [Note] InnoDB: Removed temporary tablespace data file: "ibtmp1"
2022-08-19T17:26:50.531351Z 0 [Note] Shutting down plugin 'MEMORY'
2022-08-19T17:26:50.531351Z 0 [Note] Shutting down plugin 'CSV'
2022-08-19T17:26:50.531351Z 0 [Note] Shutting down plugin 'sha256_password'
2022-08-19T17:26:50.531351Z 0 [Note] Shutting down plugin 'mysql_native_password'
2022-08-19T17:26:50.531351Z 0 [Note] Shutting down plugin 'binlog'
2022-08-19T17:26:50.531351Z 0 [Note] 
2022-08-19T17:27:17.643552Z 0 [Warning] TIMESTAMP with implicit DEFAULT value is deprecated. Please use --explicit_defaults_for_timestamp server option (see documentation for more details).
2022-08-19T17:27:17.643552Z 0 [Note] --secure-file-priv is set to NULL. Operations related to importing and exporting data are disabled
2022-08-19T17:27:17.643552Z 0 [ERROR] Cannot open Windows EventLog; check privileges, or start server with --log_syslog=0
2022-08-19T17:27:17.643552Z 0 [Note] C:\Users\Lab0-00\Downloads\usbwebserver/mysql/bin/mysqld_usbwv8.exe (mysqld 5.7.36) starting as process 6064 ...
2022-08-19T17:27:17.643552Z 0 [ERROR] Error message file 'C:\Users\Lab0-00\Downloads\usbwebserver\mysql\share\english\errmsg.sys' had only 886 error messages,
                    but it should contain at least 1123 error messages.
                    Check that the above file is the right version for                     this program!
2022-08-19T17:27:17.659152Z 0 [Note] InnoDB: Mutexes and rw_locks use Windows interlocked functions
2022-08-19T17:27:17.659152Z 0 [Note] InnoDB: Uses event mutexes
2022-08-19T17:27:17.659152Z 0 [Note] InnoDB: Memory barrier is not used
2022-08-19T17:27:17.659152Z 0 [Note] InnoDB: Compressed tables use zlib 1.2.11
2022-08-19T17:27:17.659152Z 0 [Note] InnoDB: Number of pools: 1
2022-08-19T17:27:17.659152Z 0 [Note] InnoDB: Not using CPU crc32 instructions
2022-08-19T17:27:17.659152Z 0 [Note] InnoDB: Initializing buffer pool, total size = 128M, instances = 1, chunk size = 128M
2022-08-19T17:27:17.674752Z 0 [Note] InnoDB: Completed initialization of buffer pool
2022-08-19T17:27:17.768352Z 0 [Note] InnoDB: Highest supported file format is Barracuda.
2022-08-19T17:27:18.064752Z 0 [Note] InnoDB: Creating shared tablespace for temporary tables
2022-08-19T17:27:18.064752Z 0 [Note] InnoDB: Setting file 'C:\Users\Lab0-00\Downloads\usbwebserver\mysql\data\ibtmp1' size to 12 MB. Physically writing the file full; Please wait ...
2022-08-19T17:27:18.298752Z 0 [Note] InnoDB: File 'C:\Users\Lab0-00\Downloads\usbwebserver\mysql\data\ibtmp1' size is now 12 MB.
2022-08-19T17:27:18.314352Z 0 [Note] InnoDB: 96 redo rollback segment(s) found. 96 redo rollback segment(s) are active.
2022-08-19T17:27:18.329952Z 0 [Note] InnoDB: 32 non-redo rollback segment(s) are active.
2022-08-19T17:27:18.345552Z 0 [Note] InnoDB: 5.7.36 started; log sequence number 1209968
2022-08-19T17:27:18.345552Z 0 [Note] InnoDB: Loading buffer pool(s) from C:\Users\Lab0-00\Downloads\usbwebserver\mysql\data\ib_buffer_pool
2022-08-19T17:27:18.345552Z 0 [Note] Plugin 'FEDERATED' is disabled.
2022-08-19T17:27:18.345552Z 0 [Note] InnoDB: Buffer pool(s) load completed at 220819 14:27:18
2022-08-19T17:27:18.345552Z 0 [Warning] System table 'plugin' is expected to be transactional.
2022-08-19T17:27:18.345552Z 0 [Warning] Gtid table is not ready to be used. Table 'mysql.gtid_executed' cannot be opened.
2022-08-19T17:27:18.345552Z 0 [Note] Found ca.pem, server-cert.pem and server-key.pem in data directory. Trying to enable SSL support using them.
2022-08-19T17:27:18.345552Z 0 [Note] Skipping generation of SSL certificates as certificate files are present in data directory.
2022-08-19T17:27:18.345552Z 0 [Warning] 
2022-08-19T17:27:18.345552Z 0 [Warning] 
2022-08-19T17:27:18.345552Z 0 [Warning] CA certificate ca.pem is self signed.
2022-08-19T17:27:18.345552Z 0 [Note] Skipping generation of RSA key pair as key files are present in data directory.
2022-08-19T17:27:18.345552Z 0 [Note] Server hostname (bind-address): '*'; port: 3306
2022-08-19T17:27:18.345552Z 0 [Note] IPv6 is available.
2022-08-19T17:27:18.345552Z 0 [Note]   - '::' resolves to '::';
2022-08-19T17:27:18.345552Z 0 [Note] Server socket created on IP: '::'.
2022-08-19T17:27:18.345552Z 0 [ERROR] Can't start server: Bind on TCP/IP port: No such file or directory
2022-08-19T17:27:18.345552Z 0 [ERROR] Do you already have another mysqld server running on port: 3306 ?
2022-08-19T17:27:18.345552Z 0 [ERROR] Aborting

2022-08-19T17:27:18.345552Z 0 [Note] Binlog end
2022-08-19T17:27:18.345552Z 0 [Note] Shutting down plugin 'ngram'
2022-08-19T17:27:18.345552Z 0 [Note] Shutting down plugin 'partition'
2022-08-19T17:27:18.345552Z 0 [Note] Shutting down plugin 'BLACKHOLE'
2022-08-19T17:27:18.345552Z 0 [Note] Shutting down plugin 'ARCHIVE'
2022-08-19T17:27:18.345552Z 0 [Note] Shutting down plugin 'PERFORMANCE_SCHEMA'
2022-08-19T17:27:18.361152Z 0 [Note] Shutting down plugin 'MRG_MYISAM'
2022-08-19T17:27:18.361152Z 0 [Note] Shutting down plugin 'MyISAM'
2022-08-19T17:27:18.361152Z 0 [Note] Shutting down plugin 'INNODB_SYS_VIRTUAL'
2022-08-19T17:27:18.361152Z 0 [Note] Shutting down plugin 'INNODB_SYS_DATAFILES'
2022-08-19T17:27:18.361152Z 0 [Note] Shutting down plugin 'INNODB_SYS_TABLESPACES'
2022-08-19T17:27:18.361152Z 0 [Note] Shutting down plugin 'INNODB_SYS_FOREIGN_COLS'
2022-08-19T17:27:18.361152Z 0 [Note] Shutting down plugin 'INNODB_SYS_FOREIGN'
2022-08-19T17:27:18.361152Z 0 [Note] Shutting down plugin 'INNODB_SYS_FIELDS'
2022-08-19T17:27:18.361152Z 0 [Note] Shutting down plugin 'INNODB_SYS_COLUMNS'
2022-08-19T17:27:18.361152Z 0 [Note] Shutting down plugin 'INNODB_SYS_INDEXES'
2022-08-19T17:27:18.361152Z 0 [Note] Shutting down plugin 'INNODB_SYS_TABLESTATS'
2022-08-19T17:27:18.361152Z 0 [Note] Shutting down plugin 'INNODB_SYS_TABLES'
2022-08-19T17:27:18.361152Z 0 [Note] Shutting down plugin 'INNODB_FT_INDEX_TABLE'
2022-08-19T17:27:18.361152Z 0 [Note] Shutting down plugin 'INNODB_FT_INDEX_CACHE'
2022-08-19T17:27:18.361152Z 0 [Note] Shutting down plugin 'INNODB_FT_CONFIG'
2022-08-19T17:27:18.361152Z 0 [Note] Shutting down plugin 'INNODB_FT_BEING_DELETED'
2022-08-19T17:27:18.361152Z 0 [Note] Shutting down plugin 'INNODB_FT_DELETED'
2022-08-19T17:27:18.361152Z 0 [Note] Shutting down plugin 'INNODB_FT_DEFAULT_STOPWORD'
2022-08-19T17:27:18.361152Z 0 [Note] Shutting down plugin 'INNODB_METRICS'
2022-08-19T17:27:18.361152Z 0 [Note] Shutting down plugin 'INNODB_TEMP_TABLE_INFO'
2022-08-19T17:27:18.361152Z 0 [Note] Shutting down plugin 'INNODB_BUFFER_POOL_STATS'
2022-08-19T17:27:18.361152Z 0 [Note] Shutting down plugin 'INNODB_BUFFER_PAGE_LRU'
2022-08-19T17:27:18.361152Z 0 [Note] Shutting down plugin 'INNODB_BUFFER_PAGE'
2022-08-19T17:27:18.361152Z 0 [Note] Shutting down plugin 'INNODB_CMP_PER_INDEX_RESET'
2022-08-19T17:27:18.361152Z 0 [Note] Shutting down plugin 'INNODB_CMP_PER_INDEX'
2022-08-19T17:27:18.361152Z 0 [Note] Shutting down plugin 'INNODB_CMPMEM_RESET'
2022-08-19T17:27:18.361152Z 0 [Note] Shutting down plugin 'INNODB_CMPMEM'
2022-08-19T17:27:18.361152Z 0 [Note] Shutting down plugin 'INNODB_CMP_RESET'
2022-08-19T17:27:18.361152Z 0 [Note] Shutting down plugin 'INNODB_CMP'
2022-08-19T17:27:18.361152Z 0 [Note] Shutting down plugin 'INNODB_LOCK_WAITS'
2022-08-19T17:27:18.361152Z 0 [Note] Shutting down plugin 'INNODB_LOCKS'
2022-08-19T17:27:18.361152Z 0 [Note] Shutting down plugin 'INNODB_TRX'
2022-08-19T17:27:18.361152Z 0 [Note] Shutting down plugin 'InnoDB'
2022-08-19T17:27:18.361152Z 0 [Note] InnoDB: FTS optimize thread exiting.
2022-08-19T17:27:18.361152Z 0 [Note] InnoDB: Starting shutdown...
2022-08-19T17:27:18.470352Z 0 [Note] InnoDB: Dumping buffer pool(s) to C:\Users\Lab0-00\Downloads\usbwebserver\mysql\data\ib_buffer_pool
2022-08-19T17:27:18.470352Z 0 [Note] InnoDB: Buffer pool(s) dump completed at 220819 14:27:18
2022-08-19T17:27:19.921152Z 0 [Note] InnoDB: Shutdown completed; log sequence number 1209987
2022-08-19T17:27:19.921152Z 0 [Note] InnoDB: Removed temporary tablespace data file: "ibtmp1"
2022-08-19T17:27:19.921152Z 0 [Note] Shutting down plugin 'MEMORY'
2022-08-19T17:27:19.921152Z 0 [Note] Shutting down plugin 'CSV'
2022-08-19T17:27:19.921152Z 0 [Note] Shutting down plugin 'sha256_password'
2022-08-19T17:27:19.921152Z 0 [Note] Shutting down plugin 'mysql_native_password'
2022-08-19T17:27:19.921152Z 0 [Note] Shutting down plugin 'binlog'
2022-08-19T17:27:19.921152Z 0 [Note] 
2022-08-19T17:27:32.566152Z 0 [Warning] TIMESTAMP with implicit DEFAULT value is deprecated. Please use --explicit_defaults_for_timestamp server option (see documentation for more details).
2022-08-19T17:27:32.566152Z 0 [Note] --secure-file-priv is set to NULL. Operations related to importing and exporting data are disabled
2022-08-19T17:27:32.566152Z 0 [ERROR] Cannot open Windows EventLog; check privileges, or start server with --log_syslog=0
2022-08-19T17:27:32.566152Z 0 [Note] C:\Users\Lab0-00\Downloads\usbwebserver/mysql/bin/mysqld_usbwv8.exe (mysqld 5.7.36) starting as process 4608 ...
2022-08-19T17:27:32.566152Z 0 [ERROR] Error message file 'C:\Users\Lab0-00\Downloads\usbwebserver\mysql\share\english\errmsg.sys' had only 886 error messages,
                    but it should contain at least 1123 error messages.
                    Check that the above file is the right version for                     this program!
2022-08-19T17:27:32.581752Z 0 [Note] InnoDB: Mutexes and rw_locks use Windows interlocked functions
2022-08-19T17:27:32.581752Z 0 [Note] InnoDB: Uses event mutexes
2022-08-19T17:27:32.581752Z 0 [Note] InnoDB: Memory barrier is not used
2022-08-19T17:27:32.581752Z 0 [Note] InnoDB: Compressed tables use zlib 1.2.11
2022-08-19T17:27:32.581752Z 0 [Note] InnoDB: Number of pools: 1
2022-08-19T17:27:32.581752Z 0 [Note] InnoDB: Not using CPU crc32 instructions
2022-08-19T17:27:32.581752Z 0 [Note] InnoDB: Initializing buffer pool, total size = 128M, instances = 1, chunk size = 128M
2022-08-19T17:27:32.597352Z 0 [Note] InnoDB: Completed initialization of buffer pool
2022-08-19T17:27:32.675352Z 0 [Note] InnoDB: Highest supported file format is Barracuda.
2022-08-19T17:27:32.831352Z 0 [Note] InnoDB: Creating shared tablespace for temporary tables
2022-08-19T17:27:32.831352Z 0 [Note] InnoDB: Setting file 'C:\Users\Lab0-00\Downloads\usbwebserver\mysql\data\ibtmp1' size to 12 MB. Physically writing the file full; Please wait ...
2022-08-19T17:27:33.143352Z 0 [Note] InnoDB: File 'C:\Users\Lab0-00\Downloads\usbwebserver\mysql\data\ibtmp1' size is now 12 MB.
2022-08-19T17:27:33.190152Z 0 [Note] InnoDB: 96 redo rollback segment(s) found. 96 redo rollback segment(s) are active.
2022-08-19T17:27:33.190152Z 0 [Note] InnoDB: 32 non-redo rollback segment(s) are active.
2022-08-19T17:27:33.190152Z 0 [Note] InnoDB: Waiting for purge to start
2022-08-19T17:27:33.252552Z 0 [Note] InnoDB: 5.7.36 started; log sequence number 1209987
2022-08-19T17:27:33.252552Z 0 [Note] InnoDB: Loading buffer pool(s) from C:\Users\Lab0-00\Downloads\usbwebserver\mysql\data\ib_buffer_pool
2022-08-19T17:27:33.252552Z 0 [Note] Plugin 'FEDERATED' is disabled.
2022-08-19T17:27:33.252552Z 0 [Note] InnoDB: Buffer pool(s) load completed at 220819 14:27:33
2022-08-19T17:27:33.252552Z 0 [Warning] System table 'plugin' is expected to be transactional.
2022-08-19T17:27:33.252552Z 0 [Warning] Gtid table is not ready to be used. Table 'mysql.gtid_executed' cannot be opened.
2022-08-19T17:27:33.268152Z 0 [Note] Found ca.pem, server-cert.pem and server-key.pem in data directory. Trying to enable SSL support using them.
2022-08-19T17:27:33.268152Z 0 [Note] Skipping generation of SSL certificates as certificate files are present in data directory.
2022-08-19T17:27:33.268152Z 0 [Warning] 
2022-08-19T17:27:33.268152Z 0 [Warning] 
2022-08-19T17:27:33.268152Z 0 [Warning] CA certificate ca.pem is self signed.
2022-08-19T17:27:33.268152Z 0 [Note] Skipping generation of RSA key pair as key files are present in data directory.
2022-08-19T17:27:33.268152Z 0 [Note] Server hostname (bind-address): '*'; port: 3306
2022-08-19T17:27:33.268152Z 0 [Note] IPv6 is available.
2022-08-19T17:27:33.268152Z 0 [Note]   - '::' resolves to '::';
2022-08-19T17:27:33.268152Z 0 [Note] Server socket created on IP: '::'.
2022-08-19T17:27:33.268152Z 0 [ERROR] Can't start server: Bind on TCP/IP port: No such file or directory
2022-08-19T17:27:33.268152Z 0 [ERROR] Do you already have another mysqld server running on port: 3306 ?
2022-08-19T17:27:33.268152Z 0 [ERROR] Aborting

2022-08-19T17:27:33.268152Z 0 [Note] Binlog end
2022-08-19T17:27:33.268152Z 0 [Note] Shutting down plugin 'ngram'
2022-08-19T17:27:33.268152Z 0 [Note] Shutting down plugin 'partition'
2022-08-19T17:27:33.268152Z 0 [Note] Shutting down plugin 'BLACKHOLE'
2022-08-19T17:27:33.268152Z 0 [Note] Shutting down plugin 'ARCHIVE'
2022-08-19T17:27:33.268152Z 0 [Note] Shutting down plugin 'PERFORMANCE_SCHEMA'
2022-08-19T17:27:33.268152Z 0 [Note] Shutting down plugin 'MRG_MYISAM'
2022-08-19T17:27:33.268152Z 0 [Note] Shutting down plugin 'MyISAM'
2022-08-19T17:27:33.268152Z 0 [Note] Shutting down plugin 'INNODB_SYS_VIRTUAL'
2022-08-19T17:27:33.268152Z 0 [Note] Shutting down plugin 'INNODB_SYS_DATAFILES'
2022-08-19T17:27:33.268152Z 0 [Note] Shutting down plugin 'INNODB_SYS_TABLESPACES'
2022-08-19T17:27:33.268152Z 0 [Note] Shutting down plugin 'INNODB_SYS_FOREIGN_COLS'
2022-08-19T17:27:33.268152Z 0 [Note] Shutting down plugin 'INNODB_SYS_FOREIGN'
2022-08-19T17:27:33.268152Z 0 [Note] Shutting down plugin 'INNODB_SYS_FIELDS'
2022-08-19T17:27:33.268152Z 0 [Note] Shutting down plugin 'INNODB_SYS_COLUMNS'
2022-08-19T17:27:33.268152Z 0 [Note] Shutting down plugin 'INNODB_SYS_INDEXES'
2022-08-19T17:27:33.268152Z 0 [Note] Shutting down plugin 'INNODB_SYS_TABLESTATS'
2022-08-19T17:27:33.268152Z 0 [Note] Shutting down plugin 'INNODB_SYS_TABLES'
2022-08-19T17:27:33.268152Z 0 [Note] Shutting down plugin 'INNODB_FT_INDEX_TABLE'
2022-08-19T17:27:33.268152Z 0 [Note] Shutting down plugin 'INNODB_FT_INDEX_CACHE'
2022-08-19T17:27:33.268152Z 0 [Note] Shutting down plugin 'INNODB_FT_CONFIG'
2022-08-19T17:27:33.283752Z 0 [Note] Shutting down plugin 'INNODB_FT_BEING_DELETED'
2022-08-19T17:27:33.283752Z 0 [Note] Shutting down plugin 'INNODB_FT_DELETED'
2022-08-19T17:27:33.283752Z 0 [Note] Shutting down plugin 'INNODB_FT_DEFAULT_STOPWORD'
2022-08-19T17:27:33.283752Z 0 [Note] Shutting down plugin 'INNODB_METRICS'
2022-08-19T17:27:33.283752Z 0 [Note] Shutting down plugin 'INNODB_TEMP_TABLE_INFO'
2022-08-19T17:27:33.283752Z 0 [Note] Shutting down plugin 'INNODB_BUFFER_POOL_STATS'
2022-08-19T17:27:33.283752Z 0 [Note] Shutting down plugin 'INNODB_BUFFER_PAGE_LRU'
2022-08-19T17:27:33.283752Z 0 [Note] Shutting down plugin 'INNODB_BUFFER_PAGE'
2022-08-19T17:27:33.283752Z 0 [Note] Shutting down plugin 'INNODB_CMP_PER_INDEX_RESET'
2022-08-19T17:27:33.283752Z 0 [Note] Shutting down plugin 'INNODB_CMP_PER_INDEX'
2022-08-19T17:27:33.283752Z 0 [Note] Shutting down plugin 'INNODB_CMPMEM_RESET'
2022-08-19T17:27:33.283752Z 0 [Note] Shutting down plugin 'INNODB_CMPMEM'
2022-08-19T17:27:33.283752Z 0 [Note] Shutting down plugin 'INNODB_CMP_RESET'
2022-08-19T17:27:33.283752Z 0 [Note] Shutting down plugin 'INNODB_CMP'
2022-08-19T17:27:33.283752Z 0 [Note] Shutting down plugin 'INNODB_LOCK_WAITS'
2022-08-19T17:27:33.283752Z 0 [Note] Shutting down plugin 'INNODB_LOCKS'
2022-08-19T17:27:33.283752Z 0 [Note] Shutting down plugin 'INNODB_TRX'
2022-08-19T17:27:33.283752Z 0 [Note] Shutting down plugin 'InnoDB'
2022-08-19T17:27:33.283752Z 0 [Note] InnoDB: FTS optimize thread exiting.
2022-08-19T17:27:33.283752Z 0 [Note] InnoDB: Starting shutdown...
2022-08-19T17:27:33.392952Z 0 [Note] InnoDB: Dumping buffer pool(s) to C:\Users\Lab0-00\Downloads\usbwebserver\mysql\data\ib_buffer_pool
2022-08-19T17:27:33.392952Z 0 [Note] InnoDB: Buffer pool(s) dump completed at 220819 14:27:33
2022-08-19T17:27:34.725952Z 0 [Note] InnoDB: Shutdown completed; log sequence number 1210006
2022-08-19T17:27:34.726952Z 0 [Note] InnoDB: Removed temporary tablespace data file: "ibtmp1"
2022-08-19T17:27:34.727952Z 0 [Note] Shutting down plugin 'MEMORY'
2022-08-19T17:27:34.727952Z 0 [Note] Shutting down plugin 'CSV'
2022-08-19T17:27:34.727952Z 0 [Note] Shutting down plugin 'sha256_password'
2022-08-19T17:27:34.728952Z 0 [Note] Shutting down plugin 'mysql_native_password'
2022-08-19T17:27:34.728952Z 0 [Note] Shutting down plugin 'binlog'
2022-08-19T17:27:34.729952Z 0 [Note] 
